+ pip install --index-url https://download.pytorch.org/whl/cu124 torch==2.5.1 torchvision==0.20.1
Looking in indexes: https://download.pytorch.org/whl/cu124
Collecting torch==2.5.1
  Downloading torch-2.5.1%2Bcu124-cp311-cp311-linux_x86_64.whl (908.3 MB)
     ━━━━━━━━━━━━━━━━━━━━━━━━━━━━━━━━━━━━━━━━ 908.3/908.3 MB 249.2 MB/s  0:00:02
Collecting torchvision==0.20.1
  Downloading torchvision-0.20.1%2Bcu124-cp311-cp311-linux_x86_64.whl (7.3 MB)
     ━━━━━━━━━━━━━━━━━━━━━━━━━━━━━━━━━━━━━━━━ 7.3/7.3 MB 310.9 MB/s  0:00:00
Requirement already satisfied: filelock in /usr/local/lib/python3.11/dist-packages (from torch==2.5.1) (3.13.1)
Requirement already satisfied: typing-extensions>=4.8.0 in /usr/local/lib/python3.11/dist-packages (from torch==2.5.1) (4.16.0)
Requirement already satisfied: networkx in /usr/local/lib/python3.11/dist-packages (from torch==2.5.1) (3.2.1)
Requirement already satisfied: jinja2 in /usr/local/lib/python3.11/dist-packages (from torch==2.5.1) (3.1.3)
Requirement already satisfied: fsspec in /usr/local/lib/python3.11/dist-packages (from torch==2.5.1) (2024.2.0)
Collecting nvidia-cuda-nvrtc-cu12==12.4.127 (from torch==2.5.1)
  Downloading nvidia_cuda_nvrtc_cu12-12.4.127-py3-none-manylinux2014_x86_64.whl (24.6 MB)
     ━━━━━━━━━━━━━━━━━━━━━━━━━━━━━━━━━━━━━━━━ 24.6/24.6 MB 288.8 MB/s  0:00:00
Collecting nvidia-cuda-runtime-cu12==12.4.127 (from torch==2.5.1)
  Downloading nvidia_cuda_runtime_cu12-12.4.127-py3-none-manylinux2014_x86_64.whl (883 kB)
     ━━━━━━━━━━━━━━━━━━━━━━━━━━━━━━━━━━━━━━━━ 883.7/883.7 kB 171.7 MB/s  0:00:00
Collecting nvidia-cuda-cupti-cu12==12.4.127 (from torch==2.5.1)
  Downloading nvidia_cuda_cupti_cu12-12.4.127-py3-none-manylinux2014_x86_64.whl (13.8 MB)
     ━━━━━━━━━━━━━━━━━━━━━━━━━━━━━━━━━━━━━━━━ 13.8/13.8 MB 262.9 MB/s  0:00:00
Requirement already satisfied: nvidia-cudnn-cu12==9.1.0.70 in /usr/local/lib/python3.11/dist-packages (from torch==2.5.1) (9.1.0.70)
Collecting nvidia-cublas-cu12==12.4.5.8 (from torch==2.5.1)
  Downloading nvidia_cublas_cu12-12.4.5.8-py3-none-manylinux2014_x86_64.whl (363.4 MB)
     ━━━━━━━━━━━━━━━━━━━━━━━━━━━━━━━━━━━━━━━━ 363.4/363.4 MB 465.1 MB/s  0:00:00
Collecting nvidia-cufft-cu12==11.2.1.3 (from torch==2.5.1)
  Downloading nvidia_cufft_cu12-11.2.1.3-py3-none-manylinux2014_x86_64.whl (211.5 MB)
     ━━━━━━━━━━━━━━━━━━━━━━━━━━━━━━━━━━━━━━━━ 211.5/211.5 MB 490.2 MB/s  0:00:00
Collecting nvidia-curand-cu12==10.3.5.147 (from torch==2.5.1)
  Downloading nvidia_curand_cu12-10.3.5.147-py3-none-manylinux2014_x86_64.whl (56.3 MB)
     ━━━━━━━━━━━━━━━━━━━━━━━━━━━━━━━━━━━━━━━━ 56.3/56.3 MB 280.7 MB/s  0:00:00
Collecting nvidia-cusolver-cu12==11.6.1.9 (from torch==2.5.1)
  Downloading nvidia_cusolver_cu12-11.6.1.9-py3-none-manylinux2014_x86_64.whl (127.9 MB)
     ━━━━━━━━━━━━━━━━━━━━━━━━━━━━━━━━━━━━━━━━ 127.9/127.9 MB 267.5 MB/s  0:00:00
Collecting nvidia-cusparse-cu12==12.3.1.170 (from torch==2.5.1)
  Downloading nvidia_cusparse_cu12-12.3.1.170-py3-none-manylinux2014_x86_64.whl (207.5 MB)
     ━━━━━━━━━━━━━━━━━━━━━━━━━━━━━━━━━━━━━━━━ 207.5/207.5 MB 447.9 MB/s  0:00:00
Collecting nvidia-nccl-cu12==2.21.5 (from torch==2.5.1)
  Downloading nvidia_nccl_cu12-2.21.5-py3-none-manylinux2014_x86_64.whl (188.7 MB)
     ━━━━━━━━━━━━━━━━━━━━━━━━━━━━━━━━━━━━━━━━ 188.7/188.7 MB 460.9 MB/s  0:00:00
Collecting nvidia-nvtx-cu12==12.4.127 (from torch==2.5.1)
  Downloading nvidia_nvtx_cu12-12.4.127-py3-none-manylinux2014_x86_64.whl (99 kB)
Collecting nvidia-nvjitlink-cu12==12.4.127 (from torch==2.5.1)
  Downloading nvidia_nvjitlink_cu12-12.4.127-py3-none-manylinux2014_x86_64.whl (21.1 MB)
     ━━━━━━━━━━━━━━━━━━━━━━━━━━━━━━━━━━━━━━━━ 21.1/21.1 MB 276.9 MB/s  0:00:00
Collecting triton==3.1.0 (from torch==2.5.1)
  Downloading triton-3.1.0-cp311-cp311-manylinux_2_17_x86_64.manylinux2014_x86_64.whl (209.5 MB)
     ━━━━━━━━━━━━━━━━━━━━━━━━━━━━━━━━━━━━━━━━ 209.5/209.5 MB 330.6 MB/s  0:00:00
Collecting sympy==1.13.1 (from torch==2.5.1)
  Downloading sympy-1.13.1-py3-none-any.whl.metadata (12 kB)
Requirement already satisfied: numpy in /usr/local/lib/python3.11/dist-packages (from torchvision==0.20.1) (1.26.3)
Requirement already satisfied: pillow!=8.3.*,>=5.3.0 in /usr/local/lib/python3.11/dist-packages (from torchvision==0.20.1) (10.2.0)
Requirement already satisfied: mpmath<1.4,>=1.1.0 in /usr/local/lib/python3.11/dist-packages (from sympy==1.13.1->torch==2.5.1) (1.3.0)
Requirement already satisfied: MarkupSafe>=2.0 in /usr/local/lib/python3.11/dist-packages (from jinja2->torch==2.5.1) (2.1.5)
Downloading sympy-1.13.1-py3-none-any.whl (6.2 MB)
   ━━━━━━━━━━━━━━━━━━━━━━━━━━━━━━━━━━━━━━━━ 6.2/6.2 MB 39.9 MB/s  0:00:00
Installing collected packages: triton, sympy, nvidia-nvtx-cu12, nvidia-nvjitlink-cu12, nvidia-nccl-cu12, nvidia-curand-cu12, nvidia-cufft-cu12, nvidia-cuda-runtime-cu12, nvidia-cuda-nvrtc-cu12, nvidia-cuda-cupti-cu12, nvidia-cublas-cu12, nvidia-cusparse-cu12, nvidia-cusolver-cu12, torch, torchvision
  Attempting uninstall: triton
    Found existing installation: triton 3.0.0
    Uninstalling triton-3.0.0:
      Successfully uninstalled triton-3.0.0
  Attempting uninstall: sympy
    Found existing installation: sympy 1.14.0
    Uninstalling sympy-1.14.0:
      Successfully uninstalled sympy-1.14.0
  Attempting uninstall: nvidia-nvtx-cu12
    Found existing installation: nvidia-nvtx-cu12 12.4.99
    Uninstalling nvidia-nvtx-cu12-12.4.99:
      Successfully uninstalled nvidia-nvtx-cu12-12.4.99
  Attempting uninstall: nvidia-nvjitlink-cu12
    Found existing installation: nvidia-nvjitlink-cu12 12.4.99
    Uninstalling nvidia-nvjitlink-cu12-12.4.99:
      Successfully uninstalled nvidia-nvjitlink-cu12-12.4.99
  Attempting uninstall: nvidia-nccl-cu12
    Found existing installation: nvidia-nccl-cu12 2.20.5
    Uninstalling nvidia-nccl-cu12-2.20.5:
      Successfully uninstalled nvidia-nccl-cu12-2.20.5
  Attempting uninstall: nvidia-curand-cu12
    Found existing installation: nvidia-curand-cu12 10.3.5.119
    Uninstalling nvidia-curand-cu12-10.3.5.119:
      Successfully uninstalled nvidia-curand-cu12-10.3.5.119
  Attempting uninstall: nvidia-cufft-cu12
    Found existing installation: nvidia-cufft-cu12 11.2.0.44
    Uninstalling nvidia-cufft-cu12-11.2.0.44:
      Successfully uninstalled nvidia-cufft-cu12-11.2.0.44
  Attempting uninstall: nvidia-cuda-runtime-cu12
    Found existing installation: nvidia-cuda-runtime-cu12 12.4.99
    Uninstalling nvidia-cuda-runtime-cu12-12.4.99:
      Successfully uninstalled nvidia-cuda-runtime-cu12-12.4.99
  Attempting uninstall: nvidia-cuda-nvrtc-cu12
    Found existing installation: nvidia-cuda-nvrtc-cu12 12.4.99
    Uninstalling nvidia-cuda-nvrtc-cu12-12.4.99:
      Successfully uninstalled nvidia-cuda-nvrtc-cu12-12.4.99
  Attempting uninstall: nvidia-cuda-cupti-cu12
    Found existing installation: nvidia-cuda-cupti-cu12 12.4.99
    Uninstalling nvidia-cuda-cupti-cu12-12.4.99:
      Successfully uninstalled nvidia-cuda-cupti-cu12-12.4.99
  Attempting uninstall: nvidia-cublas-cu12
    Found existing installation: nvidia-cublas-cu12 12.4.2.65
    Uninstalling nvidia-cublas-cu12-12.4.2.65:
      Successfully uninstalled nvidia-cublas-cu12-12.4.2.65
  Attempting uninstall: nvidia-cusparse-cu12
    Found existing installation: nvidia-cusparse-cu12 12.3.0.142
    Uninstalling nvidia-cusparse-cu12-12.3.0.142:
      Successfully uninstalled nvidia-cusparse-cu12-12.3.0.142
  Attempting uninstall: nvidia-cusolver-cu12
    Found existing installation: nvidia-cusolver-cu12 11.6.0.99
    Uninstalling nvidia-cusolver-cu12-11.6.0.99:
      Successfully uninstalled nvidia-cusolver-cu12-11.6.0.99
  Attempting uninstall: torch
    Found existing installation: torch 2.4.1+cu124
    Uninstalling torch-2.4.1+cu124:
      Successfully uninstalled torch-2.4.1+cu124
  Attempting uninstall: torchvision
    Found existing installation: torchvision 0.19.1+cu124
    Uninstalling torchvision-0.19.1+cu124:
      Successfully uninstalled torchvision-0.19.1+cu124

ERROR: pip's dependency resolver does not currently take into account all the packages that are installed. This behaviour is the source of the following dependency conflicts.
torchaudio 2.4.1+cu124 requires torch==2.4.1, but you have torch 2.5.1+cu124 which is incompatible.
Successfully installed nvidia-cublas-cu12-12.4.5.8 nvidia-cuda-cupti-cu12-12.4.127 nvidia-cuda-nvrtc-cu12-12.4.127 nvidia-cuda-runtime-cu12-12.4.127 nvidia-cufft-cu12-11.2.1.3 nvidia-curand-cu12-10.3.5.147 nvidia-cusolver-cu12-11.6.1.9 nvidia-cusparse-cu12-12.3.1.170 nvidia-nccl-cu12-2.21.5 nvidia-nvjitlink-cu12-12.4.127 nvidia-nvtx-cu12-12.4.127 sympy-1.13.1 torch-2.5.1+cu124 torchvision-0.20.1+cu124 triton-3.1.0
WARNING: Running pip as the 'root' user can result in broken permissions and conflicting behaviour with the system package manager, possibly rendering your system unusable. It is recommended to use a virtual environment instead: https://pip.pypa.io/warnings/venv. Use the --root-user-action option if you know what you are doing and want to suppress this warning.
+ pip install flash-attn --no-build-isolation --force-reinstall --no-cache-dir
Collecting flash-attn
  Downloading flash_attn-2.8.3.post1.tar.gz (8.5 MB)
     ━━━━━━━━━━━━━━━━━━━━━━━━━━━━━━━━━━━━━━━━ 8.5/8.5 MB 45.4 MB/s  0:00:00
  Preparing metadata (pyproject.toml): started
  Preparing metadata (pyproject.toml): finished with status 'done'
Collecting torch (from flash-attn)
  Downloading torch-2.12.1-cp311-cp311-manylinux_2_28_x86_64.whl.metadata (31 kB)
Collecting einops (from flash-attn)
  Downloading einops-0.8.2-py3-none-any.whl.metadata (13 kB)
Collecting filelock (from torch->flash-attn)
  Downloading filelock-3.29.5-py3-none-any.whl.metadata (2.0 kB)
Collecting typing-extensions>=4.10.0 (from torch->flash-attn)
  Downloading typing_extensions-4.16.0-py3-none-any.whl.metadata (3.3 kB)
Collecting setuptools<82 (from torch->flash-attn)
  Downloading setuptools-81.0.0-py3-none-any.whl.metadata (6.6 kB)
Collecting sympy>=1.13.3 (from torch->flash-attn)
  Downloading sympy-1.14.0-py3-none-any.whl.metadata (12 kB)
Collecting networkx>=2.5.1 (from torch->flash-attn)
  Downloading networkx-3.6.1-py3-none-any.whl.metadata (6.8 kB)
Collecting jinja2 (from torch->flash-attn)
  Downloading jinja2-3.1.6-py3-none-any.whl.metadata (2.9 kB)
Collecting fsspec>=0.8.5 (from torch->flash-attn)
  Downloading fsspec-2026.6.0-py3-none-any.whl.metadata (10 kB)
Collecting cuda-toolkit==13.0.2 (from cuda-toolkit[cudart,cufft,cufile,cupti,curand,cusolver,cusparse,nvjitlink,nvrtc,nvtx]==13.0.2; platform_system == "Linux"->torch->flash-attn)
  Downloading cuda_toolkit-13.0.2-py2.py3-none-any.whl.metadata (9.4 kB)
Collecting nvidia-cublas<=13.1.1.3,>=13.1.0.3 (from torch->flash-attn)
  Downloading nvidia_cublas-13.1.1.3-py3-none-manylinux_2_27_x86_64.whl.metadata (1.8 kB)
Collecting cuda-bindings<14,>=13.0.3 (from torch->flash-attn)
  Downloading cuda_bindings-13.3.1-cp311-cp311-manylinux_2_24_x86_64.manylinux_2_28_x86_64.whl.metadata (2.5 kB)
Collecting nvidia-cudnn-cu13==9.20.0.48 (from torch->flash-attn)
  Downloading nvidia_cudnn_cu13-9.20.0.48-py3-none-manylinux_2_27_x86_64.whl.metadata (1.9 kB)
Collecting nvidia-cusparselt-cu13==0.8.1 (from torch->flash-attn)
  Downloading nvidia_cusparselt_cu13-0.8.1-py3-none-manylinux2014_x86_64.whl.metadata (12 kB)
Collecting nvidia-nccl-cu13==2.29.7 (from torch->flash-attn)
  Downloading nvidia_nccl_cu13-2.29.7-py3-none-manylinux_2_18_x86_64.whl.metadata (2.1 kB)
Collecting nvidia-nvshmem-cu13==3.4.5 (from torch->flash-attn)
  Downloading nvidia_nvshmem_cu13-3.4.5-py3-none-manylinux2014_x86_64.manylinux_2_17_x86_64.whl.metadata (2.1 kB)
Collecting triton==3.7.1 (from torch->flash-attn)
  Downloading triton-3.7.1-cp311-cp311-manylinux_2_27_x86_64.manylinux_2_28_x86_64.whl.metadata (1.7 kB)
Collecting nvidia-cuda-runtime==13.0.96.* (from cuda-toolkit[cudart,cufft,cufile,cupti,curand,cusolver,cusparse,nvjitlink,nvrtc,nvtx]==13.0.2; platform_system == "Linux"->torch->flash-attn)
  Downloading nvidia_cuda_runtime-13.0.96-py3-none-manylinux2014_x86_64.manylinux_2_17_x86_64.whl.metadata (1.7 kB)
Collecting nvidia-cufft==12.0.0.61.* (from cuda-toolkit[cudart,cufft,cufile,cupti,curand,cusolver,cusparse,nvjitlink,nvrtc,nvtx]==13.0.2; platform_system == "Linux"->torch->flash-attn)
  Downloading nvidia_cufft-12.0.0.61-py3-none-manylinux2014_x86_64.manylinux_2_17_x86_64.whl.metadata (1.8 kB)
Collecting nvidia-cufile==1.15.1.6.* (from cuda-toolkit[cudart,cufft,cufile,cupti,curand,cusolver,cusparse,nvjitlink,nvrtc,nvtx]==13.0.2; platform_system == "Linux"->torch->flash-attn)
  Downloading nvidia_cufile-1.15.1.6-py3-none-manylinux2014_x86_64.manylinux_2_17_x86_64.whl.metadata (1.7 kB)
Collecting nvidia-cuda-cupti==13.0.85.* (from cuda-toolkit[cudart,cufft,cufile,cupti,curand,cusolver,cusparse,nvjitlink,nvrtc,nvtx]==13.0.2; platform_system == "Linux"->torch->flash-attn)
  Downloading nvidia_cuda_cupti-13.0.85-py3-none-manylinux_2_25_x86_64.whl.metadata (1.7 kB)
Collecting nvidia-curand==10.4.0.35.* (from cuda-toolkit[cudart,cufft,cufile,cupti,curand,cusolver,cusparse,nvjitlink,nvrtc,nvtx]==13.0.2; platform_system == "Linux"->torch->flash-attn)
  Downloading nvidia_curand-10.4.0.35-py3-none-manylinux_2_27_x86_64.whl.metadata (1.7 kB)
Collecting nvidia-cusolver==12.0.4.66.* (from cuda-toolkit[cudart,cufft,cufile,cupti,curand,cusolver,cusparse,nvjitlink,nvrtc,nvtx]==13.0.2; platform_system == "Linux"->torch->flash-attn)
  Downloading nvidia_cusolver-12.0.4.66-py3-none-manylinux_2_27_x86_64.whl.metadata (1.8 kB)
Collecting nvidia-cusparse==12.6.3.3.* (from cuda-toolkit[cudart,cufft,cufile,cupti,curand,cusolver,cusparse,nvjitlink,nvrtc,nvtx]==13.0.2; platform_system == "Linux"->torch->flash-attn)
  Downloading nvidia_cusparse-12.6.3.3-py3-none-manylinux2014_x86_64.manylinux_2_17_x86_64.whl.metadata (1.8 kB)
Collecting nvidia-nvjitlink==13.0.88.* (from cuda-toolkit[cudart,cufft,cufile,cupti,curand,cusolver,cusparse,nvjitlink,nvrtc,nvtx]==13.0.2; platform_system == "Linux"->torch->flash-attn)
  Downloading nvidia_nvjitlink-13.0.88-py3-none-manylinux2010_x86_64.manylinux_2_12_x86_64.whl.metadata (1.7 kB)
Collecting nvidia-cuda-nvrtc==13.0.88.* (from cuda-toolkit[cudart,cufft,cufile,cupti,curand,cusolver,cusparse,nvjitlink,nvrtc,nvtx]==13.0.2; platform_system == "Linux"->torch->flash-attn)
  Downloading nvidia_cuda_nvrtc-13.0.88-py3-none-manylinux2010_x86_64.manylinux_2_12_x86_64.whl.metadata (1.7 kB)
Collecting nvidia-nvtx==13.0.85.* (from cuda-toolkit[cudart,cufft,cufile,cupti,curand,cusolver,cusparse,nvjitlink,nvrtc,nvtx]==13.0.2; platform_system == "Linux"->torch->flash-attn)
  Downloading nvidia_nvtx-13.0.85-py3-none-manylinux1_x86_64.manylinux_2_5_x86_64.whl.metadata (1.8 kB)
Collecting cuda-pathfinder>=1.4.2 (from cuda-bindings<14,>=13.0.3->torch->flash-attn)
  Downloading cuda_pathfinder-1.5.6-py3-none-any.whl.metadata (1.9 kB)
Collecting mpmath<1.4,>=1.1.0 (from sympy>=1.13.3->torch->flash-attn)
  Downloading mpmath-1.3.0-py3-none-any.whl.metadata (8.6 kB)
Collecting MarkupSafe>=2.0 (from jinja2->torch->flash-attn)
  Downloading markupsafe-3.0.3-cp311-cp311-manylinux2014_x86_64.manylinux_2_17_x86_64.manylinux_2_28_x86_64.whl.metadata (2.7 kB)
Downloading einops-0.8.2-py3-none-any.whl (65 kB)
Downloading torch-2.12.1-cp311-cp311-manylinux_2_28_x86_64.whl (532.2 MB)
   ━━━━━━━━━━━━━━━━━━━━━━━━━━━━━━━━━━━━━━━━ 532.2/532.2 MB 254.4 MB/s  0:00:02
Downloading cuda_toolkit-13.0.2-py2.py3-none-any.whl (2.4 kB)
Downloading nvidia_cudnn_cu13-9.20.0.48-py3-none-manylinux_2_27_x86_64.whl (366.2 MB)
   ━━━━━━━━━━━━━━━━━━━━━━━━━━━━━━━━━━━━━━━━ 366.2/366.2 MB 710.0 MB/s  0:00:00
Downloading nvidia_cusparselt_cu13-0.8.1-py3-none-manylinux2014_x86_64.whl (170.1 MB)
   ━━━━━━━━━━━━━━━━━━━━━━━━━━━━━━━━━━━━━━━━ 170.1/170.1 MB 602.2 MB/s  0:00:00
Downloading nvidia_nccl_cu13-2.29.7-py3-none-manylinux_2_18_x86_64.whl (206.0 MB)
   ━━━━━━━━━━━━━━━━━━━━━━━━━━━━━━━━━━━━━━━━ 206.0/206.0 MB 540.8 MB/s  0:00:00
Downloading nvidia_nvshmem_cu13-3.4.5-py3-none-manylinux2014_x86_64.manylinux_2_17_x86_64.whl (60.4 MB)
   ━━━━━━━━━━━━━━━━━━━━━━━━━━━━━━━━━━━━━━━━ 60.4/60.4 MB 521.3 MB/s  0:00:00
Downloading triton-3.7.1-cp311-cp311-manylinux_2_27_x86_64.manylinux_2_28_x86_64.whl (197.7 MB)
   ━━━━━━━━━━━━━━━━━━━━━━━━━━━━━━━━━━━━━━━━ 197.7/197.7 MB 241.8 MB/s  0:00:00
Downloading cuda_bindings-13.3.1-cp311-cp311-manylinux_2_24_x86_64.manylinux_2_28_x86_64.whl (6.7 MB)
   ━━━━━━━━━━━━━━━━━━━━━━━━━━━━━━━━━━━━━━━━ 6.7/6.7 MB 253.5 MB/s  0:00:00
Downloading nvidia_cublas-13.1.1.3-py3-none-manylinux_2_27_x86_64.whl (423.1 MB)
   ━━━━━━━━━━━━━━━━━━━━━━━━━━━━━━━━━━━━━━━━ 423.1/423.1 MB 294.5 MB/s  0:00:01
Downloading nvidia_cuda_cupti-13.0.85-py3-none-manylinux_2_25_x86_64.whl (10.7 MB)
   ━━━━━━━━━━━━━━━━━━━━━━━━━━━━━━━━━━━━━━━━ 10.7/10.7 MB 211.7 MB/s  0:00:00
Downloading nvidia_cuda_nvrtc-13.0.88-py3-none-manylinux2010_x86_64.manylinux_2_12_x86_64.whl (90.2 MB)
   ━━━━━━━━━━━━━━━━━━━━━━━━━━━━━━━━━━━━━━━━ 90.2/90.2 MB 218.7 MB/s  0:00:00
Downloading nvidia_cuda_runtime-13.0.96-py3-none-manylinux2014_x86_64.manylinux_2_17_x86_64.whl (2.2 MB)
   ━━━━━━━━━━━━━━━━━━━━━━━━━━━━━━━━━━━━━━━━ 2.2/2.2 MB 220.5 MB/s  0:00:00
Downloading nvidia_cufft-12.0.0.61-py3-none-manylinux2014_x86_64.manylinux_2_17_x86_64.whl (214.1 MB)
   ━━━━━━━━━━━━━━━━━━━━━━━━━━━━━━━━━━━━━━━━ 214.1/214.1 MB 240.3 MB/s  0:00:00
Downloading nvidia_cufile-1.15.1.6-py3-none-manylinux2014_x86_64.manylinux_2_17_x86_64.whl (1.2 MB)
   ━━━━━━━━━━━━━━━━━━━━━━━━━━━━━━━━━━━━━━━━ 1.2/1.2 MB 228.4 MB/s  0:00:00
Downloading nvidia_curand-10.4.0.35-py3-none-manylinux_2_27_x86_64.whl (59.5 MB)
   ━━━━━━━━━━━━━━━━━━━━━━━━━━━━━━━━━━━━━━━━ 59.5/59.5 MB 262.6 MB/s  0:00:00
Downloading nvidia_cusolver-12.0.4.66-py3-none-manylinux_2_27_x86_64.whl (200.9 MB)
   ━━━━━━━━━━━━━━━━━━━━━━━━━━━━━━━━━━━━━━━━ 200.9/200.9 MB 258.0 MB/s  0:00:00
Downloading nvidia_cusparse-12.6.3.3-py3-none-manylinux2014_x86_64.manylinux_2_17_x86_64.whl (145.9 MB)
   ━━━━━━━━━━━━━━━━━━━━━━━━━━━━━━━━━━━━━━━━ 145.9/145.9 MB 209.3 MB/s  0:00:00
Downloading nvidia_nvjitlink-13.0.88-py3-none-manylinux2010_x86_64.manylinux_2_12_x86_64.whl (40.7 MB)
   ━━━━━━━━━━━━━━━━━━━━━━━━━━━━━━━━━━━━━━━━ 40.7/40.7 MB 160.1 MB/s  0:00:00
Downloading nvidia_nvtx-13.0.85-py3-none-manylinux1_x86_64.manylinux_2_5_x86_64.whl (148 kB)
Downloading setuptools-81.0.0-py3-none-any.whl (1.1 MB)
   ━━━━━━━━━━━━━━━━━━━━━━━━━━━━━━━━━━━━━━━━ 1.1/1.1 MB 152.4 MB/s  0:00:00
Downloading cuda_pathfinder-1.5.6-py3-none-any.whl (52 kB)
Downloading fsspec-2026.6.0-py3-none-any.whl (203 kB)
Downloading networkx-3.6.1-py3-none-any.whl (2.1 MB)
   ━━━━━━━━━━━━━━━━━━━━━━━━━━━━━━━━━━━━━━━━ 2.1/2.1 MB 162.2 MB/s  0:00:00
Downloading sympy-1.14.0-py3-none-any.whl (6.3 MB)
   ━━━━━━━━━━━━━━━━━━━━━━━━━━━━━━━━━━━━━━━━ 6.3/6.3 MB 160.8 MB/s  0:00:00
Downloading mpmath-1.3.0-py3-none-any.whl (536 kB)
   ━━━━━━━━━━━━━━━━━━━━━━━━━━━━━━━━━━━━━━━━ 536.2/536.2 kB 243.9 MB/s  0:00:00
Downloading typing_extensions-4.16.0-py3-none-any.whl (45 kB)
Downloading filelock-3.29.5-py3-none-any.whl (45 kB)
Downloading jinja2-3.1.6-py3-none-any.whl (134 kB)
Downloading markupsafe-3.0.3-cp311-cp311-manylinux2014_x86_64.manylinux_2_17_x86_64.manylinux_2_28_x86_64.whl (22 kB)
Building wheels for collected packages: flash-attn
  Building wheel for flash-attn (pyproject.toml): started
  Building wheel for flash-attn (pyproject.toml): finished with status 'done'
  Created wheel for flash-attn: filename=flash_attn-2.8.3.post1-cp311-cp311-linux_x86_64.whl size=255979266 sha256=1c455db7a1e5d58e9d43370ecfc75a3a2eb1e37ec12353db66d12c23dbbc3ac6
  Stored in directory: /tmp/pip-ephem-wheel-cache-47aw5lvz/wheels/61/0a/b7/ac9c358e9f08a179416b6c765f5fa395a02f41779b87aef3df
Successfully built flash-attn
Installing collected packages: nvidia-cusparselt-cu13, mpmath, cuda-toolkit, typing-extensions, triton, sympy, setuptools, nvidia-nvtx, nvidia-nvshmem-cu13, nvidia-nvjitlink, nvidia-nccl-cu13, nvidia-curand, nvidia-cufile, nvidia-cuda-runtime, nvidia-cuda-nvrtc, nvidia-cuda-cupti, networkx, MarkupSafe, fsspec, filelock, einops, cuda-pathfinder, nvidia-cusparse, nvidia-cufft, nvidia-cublas, jinja2, cuda-bindings, nvidia-cusolver, nvidia-cudnn-cu13, torch, flash-attn
  Attempting uninstall: nvidia-cusparselt-cu13
    Found existing installation: nvidia-cusparselt-cu13 0.8.1
    Uninstalling nvidia-cusparselt-cu13-0.8.1:
      Successfully uninstalled nvidia-cusparselt-cu13-0.8.1
  Attempting uninstall: mpmath
    Found existing installation: mpmath 1.3.0
    Uninstalling mpmath-1.3.0:
      Successfully uninstalled mpmath-1.3.0
  Attempting uninstall: cuda-toolkit
    Found existing installation: cuda-toolkit 13.0.2
    Uninstalling cuda-toolkit-13.0.2:
      Successfully uninstalled cuda-toolkit-13.0.2
  Attempting uninstall: typing-extensions
    Found existing installation: typing_extensions 4.16.0
    Uninstalling typing_extensions-4.16.0:
      Successfully uninstalled typing_extensions-4.16.0
  Attempting uninstall: triton
    Found existing installation: triton 3.1.0
    Uninstalling triton-3.1.0:
      Successfully uninstalled triton-3.1.0
  Attempting uninstall: sympy
    Found existing installation: sympy 1.13.1
    Uninstalling sympy-1.13.1:
      Successfully uninstalled sympy-1.13.1
  Attempting uninstall: setuptools
    Found existing installation: setuptools 75.1.0
    Uninstalling setuptools-75.1.0:
      Successfully uninstalled setuptools-75.1.0
  Attempting uninstall: nvidia-nvtx
    Found existing installation: nvidia-nvtx 13.0.85
    Uninstalling nvidia-nvtx-13.0.85:
      Successfully uninstalled nvidia-nvtx-13.0.85
  Attempting uninstall: nvidia-nvshmem-cu13
    Found existing installation: nvidia-nvshmem-cu13 3.4.5
    Uninstalling nvidia-nvshmem-cu13-3.4.5:
      Successfully uninstalled nvidia-nvshmem-cu13-3.4.5
  Attempting uninstall: nvidia-nvjitlink
    Found existing installation: nvidia-nvjitlink 13.0.88
    Uninstalling nvidia-nvjitlink-13.0.88:
      Successfully uninstalled nvidia-nvjitlink-13.0.88
  Attempting uninstall: nvidia-nccl-cu13
    Found existing installation: nvidia-nccl-cu13 2.29.7
    Uninstalling nvidia-nccl-cu13-2.29.7:
      Successfully uninstalled nvidia-nccl-cu13-2.29.7
  Attempting uninstall: nvidia-curand
    Found existing installation: nvidia-curand 10.4.0.35
    Uninstalling nvidia-curand-10.4.0.35:
      Successfully uninstalled nvidia-curand-10.4.0.35
  Attempting uninstall: nvidia-cufile
    Found existing installation: nvidia-cufile 1.15.1.6
    Uninstalling nvidia-cufile-1.15.1.6:
      Successfully uninstalled nvidia-cufile-1.15.1.6
  Attempting uninstall: nvidia-cuda-runtime
    Found existing installation: nvidia-cuda-runtime 13.0.96
    Uninstalling nvidia-cuda-runtime-13.0.96:
      Successfully uninstalled nvidia-cuda-runtime-13.0.96
  Attempting uninstall: nvidia-cuda-nvrtc
    Found existing installation: nvidia-cuda-nvrtc 13.0.88
    Uninstalling nvidia-cuda-nvrtc-13.0.88:
      Successfully uninstalled nvidia-cuda-nvrtc-13.0.88
  Attempting uninstall: nvidia-cuda-cupti
    Found existing installation: nvidia-cuda-cupti 13.0.85
    Uninstalling nvidia-cuda-cupti-13.0.85:
      Successfully uninstalled nvidia-cuda-cupti-13.0.85
  Attempting uninstall: networkx
    Found existing installation: networkx 3.2.1
    Uninstalling networkx-3.2.1:
      Successfully uninstalled networkx-3.2.1
  Attempting uninstall: MarkupSafe
    Found existing installation: MarkupSafe 2.1.5
    Uninstalling MarkupSafe-2.1.5:
      Successfully uninstalled MarkupSafe-2.1.5
  Attempting uninstall: fsspec
    Found existing installation: fsspec 2024.2.0
    Uninstalling fsspec-2024.2.0:
      Successfully uninstalled fsspec-2024.2.0
  Attempting uninstall: filelock
    Found existing installation: filelock 3.13.1
    Uninstalling filelock-3.13.1:
      Successfully uninstalled filelock-3.13.1
  Attempting uninstall: einops
    Found existing installation: einops 0.8.2
    Uninstalling einops-0.8.2:
      Successfully uninstalled einops-0.8.2
  Attempting uninstall: cuda-pathfinder
    Found existing installation: cuda-pathfinder 1.5.6
    Uninstalling cuda-pathfinder-1.5.6:
      Successfully uninstalled cuda-pathfinder-1.5.6
  Attempting uninstall: nvidia-cusparse
    Found existing installation: nvidia-cusparse 12.6.3.3
    Uninstalling nvidia-cusparse-12.6.3.3:
      Successfully uninstalled nvidia-cusparse-12.6.3.3
  Attempting uninstall: nvidia-cufft
    Found existing installation: nvidia-cufft 12.0.0.61
    Uninstalling nvidia-cufft-12.0.0.61:
      Successfully uninstalled nvidia-cufft-12.0.0.61
  Attempting uninstall: nvidia-cublas
    Found existing installation: nvidia-cublas 13.1.1.3
    Uninstalling nvidia-cublas-13.1.1.3:
      Successfully uninstalled nvidia-cublas-13.1.1.3
  Attempting uninstall: jinja2
    Found existing installation: Jinja2 3.1.3
    Uninstalling Jinja2-3.1.3:
      Successfully uninstalled Jinja2-3.1.3
  Attempting uninstall: cuda-bindings
    Found existing installation: cuda-bindings 13.3.1
    Uninstalling cuda-bindings-13.3.1:
      Successfully uninstalled cuda-bindings-13.3.1
  Attempting uninstall: nvidia-cusolver
    Found existing installation: nvidia-cusolver 12.0.4.66
    Uninstalling nvidia-cusolver-12.0.4.66:
      Successfully uninstalled nvidia-cusolver-12.0.4.66
  Attempting uninstall: nvidia-cudnn-cu13
    Found existing installation: nvidia-cudnn-cu13 9.20.0.48
    Uninstalling nvidia-cudnn-cu13-9.20.0.48:
      Successfully uninstalled nvidia-cudnn-cu13-9.20.0.48
  Attempting uninstall: torch
    Found existing installation: torch 2.5.1+cu124
    Uninstalling torch-2.5.1+cu124:
      Successfully uninstalled torch-2.5.1+cu124
  Attempting uninstall: flash-attn
    Found existing installation: flash_attn 2.8.3.post1
    Uninstalling flash_attn-2.8.3.post1:
      Successfully uninstalled flash_attn-2.8.3.post1

ERROR: pip's dependency resolver does not currently take into account all the packages that are installed. This behaviour is the source of the following dependency conflicts.
datasets 5.0.0 requires fsspec[http]<=2026.4.0,>=2023.1.0, but you have fsspec 2026.6.0 which is incompatible.
torchvision 0.20.1+cu124 requires torch==2.5.1, but you have torch 2.12.1 which is incompatible.
torchaudio 2.4.1+cu124 requires torch==2.4.1, but you have torch 2.12.1 which is incompatible.
Successfully installed MarkupSafe-3.0.3 cuda-bindings-13.3.1 cuda-pathfinder-1.5.6 cuda-toolkit-13.0.2 einops-0.8.2 filelock-3.29.5 flash-attn-2.8.3.post1 fsspec-2026.6.0 jinja2-3.1.6 mpmath-1.3.0 networkx-3.6.1 nvidia-cublas-13.1.1.3 nvidia-cuda-cupti-13.0.85 nvidia-cuda-nvrtc-13.0.88 nvidia-cuda-runtime-13.0.96 nvidia-cudnn-cu13-9.20.0.48 nvidia-cufft-12.0.0.61 nvidia-cufile-1.15.1.6 nvidia-curand-10.4.0.35 nvidia-cusolver-12.0.4.66 nvidia-cusparse-12.6.3.3 nvidia-cusparselt-cu13-0.8.1 nvidia-nccl-cu13-2.29.7 nvidia-nvjitlink-13.0.88 nvidia-nvshmem-cu13-3.4.5 nvidia-nvtx-13.0.85 setuptools-81.0.0 sympy-1.14.0 torch-2.12.1 triton-3.7.1 typing-extensions-4.16.0
WARNING: Running pip as the 'root' user can result in broken permissions and conflicting behaviour with the system package manager, possibly rendering your system unusable. It is recommended to use a virtual environment instead: https://pip.pypa.io/warnings/venv. Use the --root-user-action option if you know what you are doing and want to suppress this warning.
+ python setup/verify_env.py
subq-audit environment verification

  PASS  torch + CUDA device  [torch 2.12.1+cu130, cu13.0, NVIDIA A100-SXM4-80GB, sm80, 79 GiB]
  PASS  triton import  [triton 3.7.1]
  FAIL  flash-attn import
            import flash_attn
          File "/usr/local/lib/python3.11/dist-packages/flash_attn/__init__.py", line 3, in <module>
            from flash_attn.flash_attn_interface import (
          File "/usr/local/lib/python3.11/dist-packages/flash_attn/flash_attn_interface.py", line 15, in <module>
            import flash_attn_2_cuda as flash_attn_gpu
        ImportError: /usr/local/lib/python3.11/dist-packages/flash_attn_2_cuda.cpython-311-x86_64-linux-gnu.so: undefined symbol: _ZN3c104cuda29c10_cuda_check_implementationEiPKcS2_ib
        HINT: flash-attn was built against a different torch ABI than the one installed. Fix: pip install flash-attn --no-build-isolation --force-reinstall  (with the final torch already installed).
  FAIL  flash-attn tiny fwd+bwd
            from flash_attn import flash_attn_func
          File "/usr/local/lib/python3.11/dist-packages/flash_attn/__init__.py", line 3, in <module>
            from flash_attn.flash_attn_interface import (
          File "/usr/local/lib/python3.11/dist-packages/flash_attn/flash_attn_interface.py", line 15, in <module>
            import flash_attn_2_cuda as flash_attn_gpu
        ImportError: /usr/local/lib/python3.11/dist-packages/flash_attn_2_cuda.cpython-311-x86_64-linux-gnu.so: undefined symbol: _ZN3c104cuda29c10_cuda_check_implementationEiPKcS2_ib
        HINT: flash-attn was built against a different torch ABI than the one installed. Fix: pip install flash-attn --no-build-isolation --force-reinstall  (with the final torch already installed).
  FAIL  NSA import
            handle = entry.fake_impl.register(
                     ^^^^^^^^^^^^^^^^^^^^^^^^^
          File "/usr/local/lib/python3.11/dist-packages/torch/_library/fake_impl.py", line 50, in register
            if torch._C._dispatch_has_kernel_for_dispatch_key(self.qualname, "Meta"):
               ^^^^^^^^^^^^^^^^^^^^^^^^^^^^^^^^^^^^^^^^^^^^^^^^^^^^^^^^^^^^^^^^^^^^^
        RuntimeError: operator torchvision::nms does not exist
        HINT: often a triton/torch version conflict; triton >= 3.0 paired with torch >= 2.4 is the known-good combo for fla kernels.
  FAIL  NSA layer tiny fwd+bwd
            @register_meta("roi_align")
             ^^^^^^^^^^^^^^^^^^^^^^^^^^
          File "/usr/local/lib/python3.11/dist-packages/torchvision/_meta_registrations.py", line 18, in wrapper
            if torchvision.extension._has_ops():
               ^^^^^^^^^^^^^^^^^^^^^
        AttributeError: partially initialized module 'torchvision' has no attribute 'extension' (most likely due to a circular import)
        HINT: often a triton/torch version conflict; triton >= 3.0 paired with torch >= 2.4 is the known-good combo for fla kernels.
  FAIL  dense/NSA matched-config dry run
            ^^^^^^^^^^^^^^^^^^^^^^^^^^^^^^^^^^^^^^
          File "/usr/local/lib/python3.11/dist-packages/flash_attn/__init__.py", line 3, in <module>
            from flash_attn.flash_attn_interface import (
          File "/usr/local/lib/python3.11/dist-packages/flash_attn/flash_attn_interface.py", line 15, in <module>
            import flash_attn_2_cuda as flash_attn_gpu
        ImportError: /usr/local/lib/python3.11/dist-packages/flash_attn_2_cuda.cpython-311-x86_64-linux-gnu.so: undefined symbol: _ZN3c104cuda29c10_cuda_check_implementationEiPKcS2_ib

environment record:
{
  "platform": "Linux-6.8.0-107-generic-x86_64-with-glibc2.35",
  "python": "3.11.10",
  "torch": "2.12.1+cu130",
  "torch_cuda": "13.0",
  "cudnn": "92000",
  "triton": "3.7.1",
  "flash_attn": "2.8.3.post1",
  "native_sparse_attention": "0.1",
  "flash_linear_attention": "not installed",
  "gpu_driver": "580.126.20",
  "gpu_name_smi": "NVIDIA A100-SXM4-80GB",
  "gpu_name": "NVIDIA A100-SXM4-80GB",
  "gpu_capability": "sm80",
  "gpu_total_mem_gib": 79.2,
  "nsa_git_commit": "unknown"
}

2/7 checks passed
FAILED: flash-attn import, flash-attn tiny fwd+bwd, NSA import, NSA layer tiny fwd+bwd, dense/NSA matched-config dry run
+ echo VERIFY_EXIT_CODE=1
VERIFY_EXIT_CODE=1
