+ pip install --index-url https://download.pytorch.org/whl/cu124 torch==2.5.1 torchvision==0.20.1
Looking in indexes: https://download.pytorch.org/whl/cu124
Collecting torch==2.5.1
  Using cached torch-2.5.1%2Bcu124-cp311-cp311-linux_x86_64.whl (908.3 MB)
Requirement already satisfied: torchvision==0.20.1 in /usr/local/lib/python3.11/dist-packages (0.20.1+cu124)
Requirement already satisfied: filelock in /usr/local/lib/python3.11/dist-packages (from torch==2.5.1) (3.29.5)
Requirement already satisfied: typing-extensions>=4.8.0 in /usr/local/lib/python3.11/dist-packages (from torch==2.5.1) (4.16.0)
Requirement already satisfied: networkx in /usr/local/lib/python3.11/dist-packages (from torch==2.5.1) (3.6.1)
Requirement already satisfied: jinja2 in /usr/local/lib/python3.11/dist-packages (from torch==2.5.1) (3.1.6)
Requirement already satisfied: fsspec in /usr/local/lib/python3.11/dist-packages (from torch==2.5.1) (2026.6.0)
Requirement already satisfied: nvidia-cuda-nvrtc-cu12==12.4.127 in /usr/local/lib/python3.11/dist-packages (from torch==2.5.1) (12.4.127)
Requirement already satisfied: nvidia-cuda-runtime-cu12==12.4.127 in /usr/local/lib/python3.11/dist-packages (from torch==2.5.1) (12.4.127)
Requirement already satisfied: nvidia-cuda-cupti-cu12==12.4.127 in /usr/local/lib/python3.11/dist-packages (from torch==2.5.1) (12.4.127)
Requirement already satisfied: nvidia-cudnn-cu12==9.1.0.70 in /usr/local/lib/python3.11/dist-packages (from torch==2.5.1) (9.1.0.70)
Requirement already satisfied: nvidia-cublas-cu12==12.4.5.8 in /usr/local/lib/python3.11/dist-packages (from torch==2.5.1) (12.4.5.8)
Requirement already satisfied: nvidia-cufft-cu12==11.2.1.3 in /usr/local/lib/python3.11/dist-packages (from torch==2.5.1) (11.2.1.3)
Requirement already satisfied: nvidia-curand-cu12==10.3.5.147 in /usr/local/lib/python3.11/dist-packages (from torch==2.5.1) (10.3.5.147)
Requirement already satisfied: nvidia-cusolver-cu12==11.6.1.9 in /usr/local/lib/python3.11/dist-packages (from torch==2.5.1) (11.6.1.9)
Requirement already satisfied: nvidia-cusparse-cu12==12.3.1.170 in /usr/local/lib/python3.11/dist-packages (from torch==2.5.1) (12.3.1.170)
Requirement already satisfied: nvidia-nccl-cu12==2.21.5 in /usr/local/lib/python3.11/dist-packages (from torch==2.5.1) (2.21.5)
Requirement already satisfied: nvidia-nvtx-cu12==12.4.127 in /usr/local/lib/python3.11/dist-packages (from torch==2.5.1) (12.4.127)
Requirement already satisfied: nvidia-nvjitlink-cu12==12.4.127 in /usr/local/lib/python3.11/dist-packages (from torch==2.5.1) (12.4.127)
Collecting triton==3.1.0 (from torch==2.5.1)
  Using cached triton-3.1.0-cp311-cp311-manylinux_2_17_x86_64.manylinux2014_x86_64.whl (209.5 MB)
Collecting sympy==1.13.1 (from torch==2.5.1)
  Using cached sympy-1.13.1-py3-none-any.whl.metadata (12 kB)
Requirement already satisfied: numpy in /usr/local/lib/python3.11/dist-packages (from torchvision==0.20.1) (1.26.3)
Requirement already satisfied: pillow!=8.3.*,>=5.3.0 in /usr/local/lib/python3.11/dist-packages (from torchvision==0.20.1) (10.2.0)
Requirement already satisfied: mpmath<1.4,>=1.1.0 in /usr/local/lib/python3.11/dist-packages (from sympy==1.13.1->torch==2.5.1) (1.3.0)
Requirement already satisfied: MarkupSafe>=2.0 in /usr/local/lib/python3.11/dist-packages (from jinja2->torch==2.5.1) (3.0.3)
Using cached sympy-1.13.1-py3-none-any.whl (6.2 MB)
Installing collected packages: triton, sympy, torch
  Attempting uninstall: triton
    Found existing installation: triton 3.7.1
    Uninstalling triton-3.7.1:
      Successfully uninstalled triton-3.7.1
  Attempting uninstall: sympy
    Found existing installation: sympy 1.14.0
    Uninstalling sympy-1.14.0:
      Successfully uninstalled sympy-1.14.0
  Attempting uninstall: torch
    Found existing installation: torch 2.12.1
    Uninstalling torch-2.12.1:
      Successfully uninstalled torch-2.12.1

ERROR: pip's dependency resolver does not currently take into account all the packages that are installed. This behaviour is the source of the following dependency conflicts.
torchaudio 2.4.1+cu124 requires torch==2.4.1, but you have torch 2.5.1+cu124 which is incompatible.
Successfully installed sympy-1.13.1 torch-2.5.1+cu124 triton-3.1.0
WARNING: Running pip as the 'root' user can result in broken permissions and conflicting behaviour with the system package manager, possibly rendering your system unusable. It is recommended to use a virtual environment instead: https://pip.pypa.io/warnings/venv. Use the --root-user-action option if you know what you are doing and want to suppress this warning.
+ pip install flash-attn --no-build-isolation --force-reinstall --no-deps --no-cache-dir
Collecting flash-attn
  Downloading flash_attn-2.8.3.post1.tar.gz (8.5 MB)
     ━━━━━━━━━━━━━━━━━━━━━━━━━━━━━━━━━━━━━━━━ 8.5/8.5 MB 45.2 MB/s  0:00:00
  Preparing metadata (pyproject.toml): started
  Preparing metadata (pyproject.toml): finished with status 'done'
Building wheels for collected packages: flash-attn
  Building wheel for flash-attn (pyproject.toml): started
  Building wheel for flash-attn (pyproject.toml): finished with status 'done'
  Created wheel for flash-attn: filename=flash_attn-2.8.3.post1-cp311-cp311-linux_x86_64.whl size=255979266 sha256=1c455db7a1e5d58e9d43370ecfc75a3a2eb1e37ec12353db66d12c23dbbc3ac6
  Stored in directory: /tmp/pip-ephem-wheel-cache-keth3boy/wheels/61/0a/b7/ac9c358e9f08a179416b6c765f5fa395a02f41779b87aef3df
Successfully built flash-attn
Installing collected packages: flash-attn
  Attempting uninstall: flash-attn
    Found existing installation: flash_attn 2.8.3.post1
    Uninstalling flash_attn-2.8.3.post1:
      Successfully uninstalled flash_attn-2.8.3.post1
Successfully installed flash-attn-2.8.3.post1
WARNING: Running pip as the 'root' user can result in broken permissions and conflicting behaviour with the system package manager, possibly rendering your system unusable. It is recommended to use a virtual environment instead: https://pip.pypa.io/warnings/venv. Use the --root-user-action option if you know what you are doing and want to suppress this warning.
+ python setup/verify_env.py
subq-audit environment verification

  PASS  torch + CUDA device  [torch 2.5.1+cu124, cu12.4, NVIDIA A100-SXM4-80GB, sm80, 79 GiB]
  PASS  triton import  [triton 3.1.0]
  PASS  flash-attn import  [flash-attn 2.8.3.post1]
  PASS  flash-attn tiny fwd+bwd  [GQA 16:1 causal, bf16, output finite]
  FAIL  NSA import
            AutoConfig.register(BitNetConfig.model_type, BitNetConfig)
          File "/usr/local/lib/python3.11/dist-packages/transformers/models/auto/configuration_auto.py", line 441, in register
            CONFIG_MAPPING.register(model_type, config, exist_ok=exist_ok)
          File "/usr/local/lib/python3.11/dist-packages/transformers/models/auto/configuration_auto.py", line 140, in register
            raise ValueError(f"'{key}' is already used by a Transformers config, pick another name.")
        ValueError: 'bitnet' is already used by a Transformers config, pick another name.
        HINT: often a triton/torch version conflict; triton >= 3.0 paired with torch >= 2.4 is the known-good combo for fla kernels.
  PASS  NSA layer tiny fwd+bwd  [full layer (compress+select+window+gate), T=2048, bf16, output finite]
  PASS  dense/NSA matched-config dry run  [both impls ran identical config (GQA group 16)]

environment record:
{
  "platform": "Linux-6.8.0-107-generic-x86_64-with-glibc2.35",
  "python": "3.11.10",
  "torch": "2.5.1+cu124",
  "torch_cuda": "12.4",
  "cudnn": "92000",
  "triton": "3.1.0",
  "flash_attn": "2.8.3.post1",
  "native_sparse_attention": "0.1",
  "flash_linear_attention": "not installed",
  "gpu_driver": "580.126.20",
  "gpu_name_smi": "NVIDIA A100-SXM4-80GB",
  "gpu_name": "NVIDIA A100-SXM4-80GB",
  "gpu_capability": "sm80",
  "gpu_total_mem_gib": 79.2,
  "nsa_git_commit": "bd67af59b90afa34b25f61d2922e612d10dba3bd"
}

6/7 checks passed
FAILED: NSA import
+ echo VERIFY_EXIT_CODE=1
VERIFY_EXIT_CODE=1
