
=== GPU visibility ===
name, driver_version, memory.total [MiB]
NVIDIA A100-SXM4-80GB, 580.126.20, 81920 MiB

=== torch sanity ===
torch 2.4.1+cu124 cu12.4 on NVIDIA A100-SXM4-80GB

=== build tooling + python deps ===
WARNING: Running pip as the 'root' user can result in broken permissions and conflicting behaviour with the system package manager, possibly rendering your system unusable.It is recommended to use a virtual environment instead: https://pip.pypa.io/warnings/venv. Use the --root-user-action option if you know what you are doing and want to suppress this warning.
WARNING: Running pip as the 'root' user can result in broken permissions and conflicting behaviour with the system package manager, possibly rendering your system unusable. It is recommended to use a virtual environment instead: https://pip.pypa.io/warnings/venv. Use the --root-user-action option if you know what you are doing and want to suppress this warning.

=== flash-attn (FlashAttention-2 dense baseline) ===
Collecting flash-attn
  Downloading flash_attn-2.8.3.post1.tar.gz (8.5 MB)
     ━━━━━━━━━━━━━━━━━━━━━━━━━━━━━━━━━━━━━━━━ 8.5/8.5 MB 11.7 MB/s  0:00:00
  Preparing metadata (pyproject.toml): started
  Preparing metadata (pyproject.toml): finished with status 'done'
Requirement already satisfied: torch in /usr/local/lib/python3.11/dist-packages (from flash-attn) (2.4.1+cu124)
Requirement already satisfied: einops in /usr/local/lib/python3.11/dist-packages (from flash-attn) (0.8.2)
Requirement already satisfied: filelock in /usr/local/lib/python3.11/dist-packages (from torch->flash-attn) (3.13.1)
Requirement already satisfied: typing-extensions>=4.8.0 in /usr/local/lib/python3.11/dist-packages (from torch->flash-attn) (4.9.0)
Requirement already satisfied: sympy in /usr/local/lib/python3.11/dist-packages (from torch->flash-attn) (1.12)
Requirement already satisfied: networkx in /usr/local/lib/python3.11/dist-packages (from torch->flash-attn) (3.2.1)
Requirement already satisfied: jinja2 in /usr/local/lib/python3.11/dist-packages (from torch->flash-attn) (3.1.3)
Requirement already satisfied: fsspec in /usr/local/lib/python3.11/dist-packages (from torch->flash-attn) (2024.2.0)
Requirement already satisfied: nvidia-cuda-nvrtc-cu12==12.4.99 in /usr/local/lib/python3.11/dist-packages (from torch->flash-attn) (12.4.99)
Requirement already satisfied: nvidia-cuda-runtime-cu12==12.4.99 in /usr/local/lib/python3.11/dist-packages (from torch->flash-attn) (12.4.99)
Requirement already satisfied: nvidia-cuda-cupti-cu12==12.4.99 in /usr/local/lib/python3.11/dist-packages (from torch->flash-attn) (12.4.99)
Requirement already satisfied: nvidia-cudnn-cu12==9.1.0.70 in /usr/local/lib/python3.11/dist-packages (from torch->flash-attn) (9.1.0.70)
Requirement already satisfied: nvidia-cublas-cu12==12.4.2.65 in /usr/local/lib/python3.11/dist-packages (from torch->flash-attn) (12.4.2.65)
Requirement already satisfied: nvidia-cufft-cu12==11.2.0.44 in /usr/local/lib/python3.11/dist-packages (from torch->flash-attn) (11.2.0.44)
Requirement already satisfied: nvidia-curand-cu12==10.3.5.119 in /usr/local/lib/python3.11/dist-packages (from torch->flash-attn) (10.3.5.119)
Requirement already satisfied: nvidia-cusolver-cu12==11.6.0.99 in /usr/local/lib/python3.11/dist-packages (from torch->flash-attn) (11.6.0.99)
Requirement already satisfied: nvidia-cusparse-cu12==12.3.0.142 in /usr/local/lib/python3.11/dist-packages (from torch->flash-attn) (12.3.0.142)
Requirement already satisfied: nvidia-nccl-cu12==2.20.5 in /usr/local/lib/python3.11/dist-packages (from torch->flash-attn) (2.20.5)
Requirement already satisfied: nvidia-nvtx-cu12==12.4.99 in /usr/local/lib/python3.11/dist-packages (from torch->flash-attn) (12.4.99)
Requirement already satisfied: nvidia-nvjitlink-cu12==12.4.99 in /usr/local/lib/python3.11/dist-packages (from torch->flash-attn) (12.4.99)
Requirement already satisfied: triton==3.0.0 in /usr/local/lib/python3.11/dist-packages (from torch->flash-attn) (3.0.0)
Requirement already satisfied: MarkupSafe>=2.0 in /usr/local/lib/python3.11/dist-packages (from jinja2->torch->flash-attn) (2.1.5)
Requirement already satisfied: mpmath>=0.19 in /usr/local/lib/python3.11/dist-packages (from sympy->torch->flash-attn) (1.3.0)
Building wheels for collected packages: flash-attn
  Building wheel for flash-attn (pyproject.toml): started
  Building wheel for flash-attn (pyproject.toml): finished with status 'done'
  Created wheel for flash-attn: filename=flash_attn-2.8.3.post1-cp311-cp311-linux_x86_64.whl size=255974406 sha256=d6683965bc0b230eff22c5c154bb39639c1bb39a18488943ef9fccde200e020c
  Stored in directory: /root/.cache/pip/wheels/61/0a/b7/ac9c358e9f08a179416b6c765f5fa395a02f41779b87aef3df
Successfully built flash-attn
Installing collected packages: flash-attn
Successfully installed flash-attn-2.8.3.post1
WARNING: Running pip as the 'root' user can result in broken permissions and conflicting behaviour with the system package manager, possibly rendering your system unusable. It is recommended to use a virtual environment instead: https://pip.pypa.io/warnings/venv. Use the --root-user-action option if you know what you are doing and want to suppress this warning.

=== fla-org/native-sparse-attention (NSA Triton kernels) ===
Cloning into '/workspace/native-sparse-attention'...
Submodule '3rdparty/flame' (https://github.com/fla-org/flame.git) registered for path '3rdparty/flame'
Submodule '3rdparty/flash-linear-attention' (https://github.com/fla-org/flash-linear-attention) registered for path '3rdparty/flash-linear-attention'
Submodule '3rdparty/torchtitan' (https://github.com/pytorch/torchtitan.git) registered for path '3rdparty/torchtitan'
Cloning into '/workspace/native-sparse-attention/3rdparty/flame'...
Cloning into '/workspace/native-sparse-attention/3rdparty/flash-linear-attention'...
Cloning into '/workspace/native-sparse-attention/3rdparty/torchtitan'...
From https://github.com/fla-org/flame
 * branch            b3c9e3004517b5b9e15a5defcda0f0e9292d7118 -> FETCH_HEAD
Submodule path '3rdparty/flame': checked out 'b3c9e3004517b5b9e15a5defcda0f0e9292d7118'
Submodule '3rdparty/flash-linear-attention' (https://github.com/fla-org/flash-linear-attention.git) registered for path '3rdparty/flame/3rdparty/flash-linear-attention'
Submodule '3rdparty/lm-evaluation-harness' (https://github.com/EleutherAI/lm-evaluation-harness) registered for path '3rdparty/flame/3rdparty/lm-evaluation-harness'
Submodule '3rdparty/torchtitan' (https://github.com/pytorch/torchtitan.git) registered for path '3rdparty/flame/3rdparty/torchtitan'
Cloning into '/workspace/native-sparse-attention/3rdparty/flame/3rdparty/flash-linear-attention'...
Cloning into '/workspace/native-sparse-attention/3rdparty/flame/3rdparty/lm-evaluation-harness'...
Cloning into '/workspace/native-sparse-attention/3rdparty/flame/3rdparty/torchtitan'...
Submodule path '3rdparty/flame/3rdparty/flash-linear-attention': checked out '71fe07f9737441551fe967125309ac9e6d973238'
Submodule path '3rdparty/flame/3rdparty/lm-evaluation-harness': checked out 'c8489857893959bd12a53c03b61291aad38c95f4'
Submodule path '3rdparty/flame/3rdparty/torchtitan': checked out '0da8901b1918fc21b5d43bbc693a120fc4281378'
Submodule path '3rdparty/flash-linear-attention': checked out '7a21647cf63d8ac396947300b8777767067e6269'
Submodule path '3rdparty/torchtitan': checked out '0da8901b1918fc21b5d43bbc693a120fc4281378'
Obtaining file:///workspace/native-sparse-attention
  Installing build dependencies: started
  Installing build dependencies: finished with status 'done'
  Checking if build backend supports build_editable: started
  Checking if build backend supports build_editable: finished with status 'done'
  Getting requirements to build editable: started
  Getting requirements to build editable: finished with status 'done'
  Preparing editable metadata (pyproject.toml): started
  Preparing editable metadata (pyproject.toml): finished with status 'done'
Collecting torch>=2.5 (from native_sparse_attention==0.1)
  Using cached torch-2.12.1-cp311-cp311-manylinux_2_28_x86_64.whl.metadata (31 kB)
Requirement already satisfied: transformers>=4.45.0 in /usr/local/lib/python3.11/dist-packages (from native_sparse_attention==0.1) (5.12.1)
Requirement already satisfied: triton>=3.0 in /usr/local/lib/python3.11/dist-packages (from native_sparse_attention==0.1) (3.0.0)
Collecting datasets>=3.3.0 (from native_sparse_attention==0.1)
  Downloading datasets-5.0.0-py3-none-any.whl.metadata (23 kB)
Requirement already satisfied: einops in /usr/local/lib/python3.11/dist-packages (from native_sparse_attention==0.1) (0.8.2)
Requirement already satisfied: ninja in /usr/local/lib/python3.11/dist-packages (from native_sparse_attention==0.1) (1.13.0)
Requirement already satisfied: filelock in /usr/local/lib/python3.11/dist-packages (from datasets>=3.3.0->native_sparse_attention==0.1) (3.13.1)
Requirement already satisfied: numpy>=1.17 in /usr/local/lib/python3.11/dist-packages (from datasets>=3.3.0->native_sparse_attention==0.1) (1.26.3)
Collecting pyarrow>=21.0.0 (from datasets>=3.3.0->native_sparse_attention==0.1)
  Downloading pyarrow-24.0.0-cp311-cp311-manylinux_2_28_x86_64.whl.metadata (3.0 kB)
Collecting dill<0.4.2,>=0.3.0 (from datasets>=3.3.0->native_sparse_attention==0.1)
  Downloading dill-0.4.1-py3-none-any.whl.metadata (10 kB)
Requirement already satisfied: pandas in /usr/local/lib/python3.11/dist-packages (from datasets>=3.3.0->native_sparse_attention==0.1) (3.0.3)
Requirement already satisfied: requests>=2.32.2 in /usr/local/lib/python3.11/dist-packages (from datasets>=3.3.0->native_sparse_attention==0.1) (2.32.3)
Requirement already satisfied: httpx<1.0.0 in /usr/local/lib/python3.11/dist-packages (from datasets>=3.3.0->native_sparse_attention==0.1) (0.27.2)
Requirement already satisfied: tqdm>=4.66.3 in /usr/local/lib/python3.11/dist-packages (from datasets>=3.3.0->native_sparse_attention==0.1) (4.68.3)
Collecting xxhash (from datasets>=3.3.0->native_sparse_attention==0.1)
  Downloading xxhash-3.8.0-cp311-cp311-manylinux2014_x86_64.manylinux_2_17_x86_64.manylinux_2_28_x86_64.whl.metadata (14 kB)
Collecting multiprocess<0.70.20 (from datasets>=3.3.0->native_sparse_attention==0.1)
  Downloading multiprocess-0.70.19-py311-none-any.whl.metadata (7.5 kB)
Requirement already satisfied: fsspec<=2026.4.0,>=2023.1.0 in /usr/local/lib/python3.11/dist-packages (from fsspec[http]<=2026.4.0,>=2023.1.0->datasets>=3.3.0->native_sparse_attention==0.1) (2024.2.0)
Requirement already satisfied: huggingface-hub<2.0,>=0.25.0 in /usr/local/lib/python3.11/dist-packages (from datasets>=3.3.0->native_sparse_attention==0.1) (1.22.0)
Requirement already satisfied: packaging in /usr/local/lib/python3.11/dist-packages (from datasets>=3.3.0->native_sparse_attention==0.1) (26.2)
Requirement already satisfied: pyyaml>=5.1 in /usr/local/lib/python3.11/dist-packages (from datasets>=3.3.0->native_sparse_attention==0.1) (6.0.2)
Collecting aiohttp!=4.0.0a0,!=4.0.0a1 (from fsspec[http]<=2026.4.0,>=2023.1.0->datasets>=3.3.0->native_sparse_attention==0.1)
  Downloading aiohttp-3.14.1-cp311-cp311-manylinux2014_x86_64.manylinux_2_17_x86_64.manylinux_2_28_x86_64.whl.metadata (8.3 kB)
Requirement already satisfied: anyio in /usr/local/lib/python3.11/dist-packages (from httpx<1.0.0->datasets>=3.3.0->native_sparse_attention==0.1) (4.6.0)
Requirement already satisfied: certifi in /usr/local/lib/python3.11/dist-packages (from httpx<1.0.0->datasets>=3.3.0->native_sparse_attention==0.1) (2024.8.30)
Requirement already satisfied: httpcore==1.* in /usr/local/lib/python3.11/dist-packages (from httpx<1.0.0->datasets>=3.3.0->native_sparse_attention==0.1) (1.0.5)
Requirement already satisfied: idna in /usr/local/lib/python3.11/dist-packages (from httpx<1.0.0->datasets>=3.3.0->native_sparse_attention==0.1) (3.10)
Requirement already satisfied: sniffio in /usr/local/lib/python3.11/dist-packages (from httpx<1.0.0->datasets>=3.3.0->native_sparse_attention==0.1) (1.3.1)
Requirement already satisfied: h11<0.15,>=0.13 in /usr/local/lib/python3.11/dist-packages (from httpcore==1.*->httpx<1.0.0->datasets>=3.3.0->native_sparse_attention==0.1) (0.14.0)
Requirement already satisfied: click<9.0.0,>=8.4.2 in /usr/local/lib/python3.11/dist-packages (from huggingface-hub<2.0,>=0.25.0->datasets>=3.3.0->native_sparse_attention==0.1) (8.4.2)
Requirement already satisfied: hf-xet<2.0.0,>=1.5.1 in /usr/local/lib/python3.11/dist-packages (from huggingface-hub<2.0,>=0.25.0->datasets>=3.3.0->native_sparse_attention==0.1) (1.5.1)
Requirement already satisfied: typing-extensions>=4.1.0 in /usr/local/lib/python3.11/dist-packages (from huggingface-hub<2.0,>=0.25.0->datasets>=3.3.0->native_sparse_attention==0.1) (4.9.0)
Collecting aiohappyeyeballs>=2.5.0 (from aiohttp!=4.0.0a0,!=4.0.0a1->fsspec[http]<=2026.4.0,>=2023.1.0->datasets>=3.3.0->native_sparse_attention==0.1)
  Downloading aiohappyeyeballs-2.7.1-py3-none-any.whl.metadata (5.9 kB)
Collecting aiosignal>=1.4.0 (from aiohttp!=4.0.0a0,!=4.0.0a1->fsspec[http]<=2026.4.0,>=2023.1.0->datasets>=3.3.0->native_sparse_attention==0.1)
  Downloading aiosignal-1.4.0-py3-none-any.whl.metadata (3.7 kB)
Requirement already satisfied: attrs>=17.3.0 in /usr/local/lib/python3.11/dist-packages (from aiohttp!=4.0.0a0,!=4.0.0a1->fsspec[http]<=2026.4.0,>=2023.1.0->datasets>=3.3.0->native_sparse_attention==0.1) (24.2.0)
Collecting frozenlist>=1.1.1 (from aiohttp!=4.0.0a0,!=4.0.0a1->fsspec[http]<=2026.4.0,>=2023.1.0->datasets>=3.3.0->native_sparse_attention==0.1)
  Downloading frozenlist-1.8.0-cp311-cp311-manylinux1_x86_64.manylinux_2_28_x86_64.manylinux_2_5_x86_64.whl.metadata (20 kB)
Collecting multidict<7.0,>=4.5 (from aiohttp!=4.0.0a0,!=4.0.0a1->fsspec[http]<=2026.4.0,>=2023.1.0->datasets>=3.3.0->native_sparse_attention==0.1)
  Downloading multidict-6.7.1-cp311-cp311-manylinux2014_x86_64.manylinux_2_17_x86_64.manylinux_2_28_x86_64.whl.metadata (5.3 kB)
Collecting propcache>=0.2.0 (from aiohttp!=4.0.0a0,!=4.0.0a1->fsspec[http]<=2026.4.0,>=2023.1.0->datasets>=3.3.0->native_sparse_attention==0.1)
  Downloading propcache-0.5.2-cp311-cp311-manylinux2014_x86_64.manylinux_2_17_x86_64.manylinux_2_28_x86_64.whl.metadata (16 kB)
Collecting yarl<2.0,>=1.17.0 (from aiohttp!=4.0.0a0,!=4.0.0a1->fsspec[http]<=2026.4.0,>=2023.1.0->datasets>=3.3.0->native_sparse_attention==0.1)
  Downloading yarl-1.24.2-cp311-cp311-manylinux2014_x86_64.manylinux_2_17_x86_64.manylinux_2_28_x86_64.whl.metadata (94 kB)
Requirement already satisfied: charset-normalizer<4,>=2 in /usr/local/lib/python3.11/dist-packages (from requests>=2.32.2->datasets>=3.3.0->native_sparse_attention==0.1) (3.3.2)
Requirement already satisfied: urllib3<3,>=1.21.1 in /usr/local/lib/python3.11/dist-packages (from requests>=2.32.2->datasets>=3.3.0->native_sparse_attention==0.1) (2.2.3)
Collecting typing-extensions>=4.1.0 (from huggingface-hub<2.0,>=0.25.0->datasets>=3.3.0->native_sparse_attention==0.1)
  Using cached typing_extensions-4.16.0-py3-none-any.whl.metadata (3.3 kB)
Requirement already satisfied: setuptools<82 in /usr/local/lib/python3.11/dist-packages (from torch>=2.5->native_sparse_attention==0.1) (75.1.0)
Collecting sympy>=1.13.3 (from torch>=2.5->native_sparse_attention==0.1)
  Using cached sympy-1.14.0-py3-none-any.whl.metadata (12 kB)
Requirement already satisfied: networkx>=2.5.1 in /usr/local/lib/python3.11/dist-packages (from torch>=2.5->native_sparse_attention==0.1) (3.2.1)
Requirement already satisfied: jinja2 in /usr/local/lib/python3.11/dist-packages (from torch>=2.5->native_sparse_attention==0.1) (3.1.3)
Collecting cuda-toolkit==13.0.2 (from cuda-toolkit[cudart,cufft,cufile,cupti,curand,cusolver,cusparse,nvjitlink,nvrtc,nvtx]==13.0.2; platform_system == "Linux"->torch>=2.5->native_sparse_attention==0.1)
  Using cached cuda_toolkit-13.0.2-py2.py3-none-any.whl.metadata (9.4 kB)
Collecting nvidia-cublas<=13.1.1.3,>=13.1.0.3 (from torch>=2.5->native_sparse_attention==0.1)
  Using cached nvidia_cublas-13.1.1.3-py3-none-manylinux_2_27_x86_64.whl.metadata (1.8 kB)
Collecting cuda-bindings<14,>=13.0.3 (from torch>=2.5->native_sparse_attention==0.1)
  Using cached cuda_bindings-13.3.1-cp311-cp311-manylinux_2_24_x86_64.manylinux_2_28_x86_64.whl.metadata (2.5 kB)
Collecting nvidia-cudnn-cu13==9.20.0.48 (from torch>=2.5->native_sparse_attention==0.1)
  Using cached nvidia_cudnn_cu13-9.20.0.48-py3-none-manylinux_2_27_x86_64.whl.metadata (1.9 kB)
Collecting nvidia-cusparselt-cu13==0.8.1 (from torch>=2.5->native_sparse_attention==0.1)
  Using cached nvidia_cusparselt_cu13-0.8.1-py3-none-manylinux2014_x86_64.whl.metadata (12 kB)
Collecting nvidia-nccl-cu13==2.29.7 (from torch>=2.5->native_sparse_attention==0.1)
  Using cached nvidia_nccl_cu13-2.29.7-py3-none-manylinux_2_18_x86_64.whl.metadata (2.1 kB)
Collecting nvidia-nvshmem-cu13==3.4.5 (from torch>=2.5->native_sparse_attention==0.1)
  Using cached nvidia_nvshmem_cu13-3.4.5-py3-none-manylinux2014_x86_64.manylinux_2_17_x86_64.whl.metadata (2.1 kB)
Collecting triton>=3.0 (from native_sparse_attention==0.1)
  Using cached triton-3.7.1-cp311-cp311-manylinux_2_27_x86_64.manylinux_2_28_x86_64.whl.metadata (1.7 kB)
Collecting nvidia-cuda-runtime==13.0.96.* (from cuda-toolkit[cudart,cufft,cufile,cupti,curand,cusolver,cusparse,nvjitlink,nvrtc,nvtx]==13.0.2; platform_system == "Linux"->torch>=2.5->native_sparse_attention==0.1)
  Using cached nvidia_cuda_runtime-13.0.96-py3-none-manylinux2014_x86_64.manylinux_2_17_x86_64.whl.metadata (1.7 kB)
Collecting nvidia-cufft==12.0.0.61.* (from cuda-toolkit[cudart,cufft,cufile,cupti,curand,cusolver,cusparse,nvjitlink,nvrtc,nvtx]==13.0.2; platform_system == "Linux"->torch>=2.5->native_sparse_attention==0.1)
  Using cached nvidia_cufft-12.0.0.61-py3-none-manylinux2014_x86_64.manylinux_2_17_x86_64.whl.metadata (1.8 kB)
Collecting nvidia-cufile==1.15.1.6.* (from cuda-toolkit[cudart,cufft,cufile,cupti,curand,cusolver,cusparse,nvjitlink,nvrtc,nvtx]==13.0.2; platform_system == "Linux"->torch>=2.5->native_sparse_attention==0.1)
  Using cached nvidia_cufile-1.15.1.6-py3-none-manylinux2014_x86_64.manylinux_2_17_x86_64.whl.metadata (1.7 kB)
Collecting nvidia-cuda-cupti==13.0.85.* (from cuda-toolkit[cudart,cufft,cufile,cupti,curand,cusolver,cusparse,nvjitlink,nvrtc,nvtx]==13.0.2; platform_system == "Linux"->torch>=2.5->native_sparse_attention==0.1)
  Using cached nvidia_cuda_cupti-13.0.85-py3-none-manylinux_2_25_x86_64.whl.metadata (1.7 kB)
Collecting nvidia-curand==10.4.0.35.* (from cuda-toolkit[cudart,cufft,cufile,cupti,curand,cusolver,cusparse,nvjitlink,nvrtc,nvtx]==13.0.2; platform_system == "Linux"->torch>=2.5->native_sparse_attention==0.1)
  Using cached nvidia_curand-10.4.0.35-py3-none-manylinux_2_27_x86_64.whl.metadata (1.7 kB)
Collecting nvidia-cusolver==12.0.4.66.* (from cuda-toolkit[cudart,cufft,cufile,cupti,curand,cusolver,cusparse,nvjitlink,nvrtc,nvtx]==13.0.2; platform_system == "Linux"->torch>=2.5->native_sparse_attention==0.1)
  Using cached nvidia_cusolver-12.0.4.66-py3-none-manylinux_2_27_x86_64.whl.metadata (1.8 kB)
Collecting nvidia-cusparse==12.6.3.3.* (from cuda-toolkit[cudart,cufft,cufile,cupti,curand,cusolver,cusparse,nvjitlink,nvrtc,nvtx]==13.0.2; platform_system == "Linux"->torch>=2.5->native_sparse_attention==0.1)
  Using cached nvidia_cusparse-12.6.3.3-py3-none-manylinux2014_x86_64.manylinux_2_17_x86_64.whl.metadata (1.8 kB)
Collecting nvidia-nvjitlink==13.0.88.* (from cuda-toolkit[cudart,cufft,cufile,cupti,curand,cusolver,cusparse,nvjitlink,nvrtc,nvtx]==13.0.2; platform_system == "Linux"->torch>=2.5->native_sparse_attention==0.1)
  Using cached nvidia_nvjitlink-13.0.88-py3-none-manylinux2010_x86_64.manylinux_2_12_x86_64.whl.metadata (1.7 kB)
Collecting nvidia-cuda-nvrtc==13.0.88.* (from cuda-toolkit[cudart,cufft,cufile,cupti,curand,cusolver,cusparse,nvjitlink,nvrtc,nvtx]==13.0.2; platform_system == "Linux"->torch>=2.5->native_sparse_attention==0.1)
  Using cached nvidia_cuda_nvrtc-13.0.88-py3-none-manylinux2010_x86_64.manylinux_2_12_x86_64.whl.metadata (1.7 kB)
Collecting nvidia-nvtx==13.0.85.* (from cuda-toolkit[cudart,cufft,cufile,cupti,curand,cusolver,cusparse,nvjitlink,nvrtc,nvtx]==13.0.2; platform_system == "Linux"->torch>=2.5->native_sparse_attention==0.1)
  Using cached nvidia_nvtx-13.0.85-py3-none-manylinux1_x86_64.manylinux_2_5_x86_64.whl.metadata (1.8 kB)
Collecting cuda-pathfinder>=1.4.2 (from cuda-bindings<14,>=13.0.3->torch>=2.5->native_sparse_attention==0.1)
  Using cached cuda_pathfinder-1.5.6-py3-none-any.whl.metadata (1.9 kB)
Requirement already satisfied: mpmath<1.4,>=1.1.0 in /usr/local/lib/python3.11/dist-packages (from sympy>=1.13.3->torch>=2.5->native_sparse_attention==0.1) (1.3.0)
Requirement already satisfied: regex>=2025.10.22 in /usr/local/lib/python3.11/dist-packages (from transformers>=4.45.0->native_sparse_attention==0.1) (2026.6.28)
Requirement already satisfied: tokenizers<=0.23.0,>=0.22.0 in /usr/local/lib/python3.11/dist-packages (from transformers>=4.45.0->native_sparse_attention==0.1) (0.22.2)
Requirement already satisfied: typer in /usr/local/lib/python3.11/dist-packages (from transformers>=4.45.0->native_sparse_attention==0.1) (0.26.8)
Requirement already satisfied: safetensors>=0.4.3 in /usr/local/lib/python3.11/dist-packages (from transformers>=4.45.0->native_sparse_attention==0.1) (0.8.0)
Requirement already satisfied: MarkupSafe>=2.0 in /usr/local/lib/python3.11/dist-packages (from jinja2->torch>=2.5->native_sparse_attention==0.1) (2.1.5)
Requirement already satisfied: python-dateutil>=2.8.2 in /usr/local/lib/python3.11/dist-packages (from pandas->datasets>=3.3.0->native_sparse_attention==0.1) (2.9.0.post0)
Requirement already satisfied: six>=1.5 in /usr/lib/python3/dist-packages (from python-dateutil>=2.8.2->pandas->datasets>=3.3.0->native_sparse_attention==0.1) (1.16.0)
Requirement already satisfied: shellingham>=1.3.0 in /usr/local/lib/python3.11/dist-packages (from typer->transformers>=4.45.0->native_sparse_attention==0.1) (1.5.4)
Requirement already satisfied: rich>=13.8.0 in /usr/local/lib/python3.11/dist-packages (from typer->transformers>=4.45.0->native_sparse_attention==0.1) (15.0.0)
Requirement already satisfied: annotated-doc>=0.0.2 in /usr/local/lib/python3.11/dist-packages (from typer->transformers>=4.45.0->native_sparse_attention==0.1) (0.0.4)
Requirement already satisfied: markdown-it-py>=2.2.0 in /usr/local/lib/python3.11/dist-packages (from rich>=13.8.0->typer->transformers>=4.45.0->native_sparse_attention==0.1) (4.2.0)
Requirement already satisfied: pygments<3.0.0,>=2.13.0 in /usr/local/lib/python3.11/dist-packages (from rich>=13.8.0->typer->transformers>=4.45.0->native_sparse_attention==0.1) (2.18.0)
Requirement already satisfied: mdurl~=0.1 in /usr/local/lib/python3.11/dist-packages (from markdown-it-py>=2.2.0->rich>=13.8.0->typer->transformers>=4.45.0->native_sparse_attention==0.1) (0.1.2)
Downloading datasets-5.0.0-py3-none-any.whl (555 kB)
   ━━━━━━━━━━━━━━━━━━━━━━━━━━━━━━━━━━━━━━━━ 555.1/555.1 kB 45.8 MB/s  0:00:00
Downloading dill-0.4.1-py3-none-any.whl (120 kB)
Downloading multiprocess-0.70.19-py311-none-any.whl (144 kB)
Downloading aiohttp-3.14.1-cp311-cp311-manylinux2014_x86_64.manylinux_2_17_x86_64.manylinux_2_28_x86_64.whl (1.8 MB)
   ━━━━━━━━━━━━━━━━━━━━━━━━━━━━━━━━━━━━━━━━ 1.8/1.8 MB 175.4 MB/s  0:00:00
Downloading multidict-6.7.1-cp311-cp311-manylinux2014_x86_64.manylinux_2_17_x86_64.manylinux_2_28_x86_64.whl (246 kB)
Downloading yarl-1.24.2-cp311-cp311-manylinux2014_x86_64.manylinux_2_17_x86_64.manylinux_2_28_x86_64.whl (106 kB)
Downloading aiohappyeyeballs-2.7.1-py3-none-any.whl (15 kB)
Downloading aiosignal-1.4.0-py3-none-any.whl (7.5 kB)
Downloading frozenlist-1.8.0-cp311-cp311-manylinux1_x86_64.manylinux_2_28_x86_64.manylinux_2_5_x86_64.whl (231 kB)
Downloading propcache-0.5.2-cp311-cp311-manylinux2014_x86_64.manylinux_2_17_x86_64.manylinux_2_28_x86_64.whl (58 kB)
Downloading pyarrow-24.0.0-cp311-cp311-manylinux_2_28_x86_64.whl (48.8 MB)
   ━━━━━━━━━━━━━━━━━━━━━━━━━━━━━━━━━━━━━━━━ 48.8/48.8 MB 355.4 MB/s  0:00:00
Using cached torch-2.12.1-cp311-cp311-manylinux_2_28_x86_64.whl (532.2 MB)
Using cached cuda_toolkit-13.0.2-py2.py3-none-any.whl (2.4 kB)
Using cached nvidia_cudnn_cu13-9.20.0.48-py3-none-manylinux_2_27_x86_64.whl (366.2 MB)
Using cached nvidia_cusparselt_cu13-0.8.1-py3-none-manylinux2014_x86_64.whl (170.1 MB)
Using cached nvidia_nccl_cu13-2.29.7-py3-none-manylinux_2_18_x86_64.whl (206.0 MB)
Using cached nvidia_nvshmem_cu13-3.4.5-py3-none-manylinux2014_x86_64.manylinux_2_17_x86_64.whl (60.4 MB)
Using cached triton-3.7.1-cp311-cp311-manylinux_2_27_x86_64.manylinux_2_28_x86_64.whl (197.7 MB)
Using cached cuda_bindings-13.3.1-cp311-cp311-manylinux_2_24_x86_64.manylinux_2_28_x86_64.whl (6.7 MB)
Using cached nvidia_cublas-13.1.1.3-py3-none-manylinux_2_27_x86_64.whl (423.1 MB)
Using cached nvidia_cuda_cupti-13.0.85-py3-none-manylinux_2_25_x86_64.whl (10.7 MB)
Using cached nvidia_cuda_nvrtc-13.0.88-py3-none-manylinux2010_x86_64.manylinux_2_12_x86_64.whl (90.2 MB)
Using cached nvidia_cuda_runtime-13.0.96-py3-none-manylinux2014_x86_64.manylinux_2_17_x86_64.whl (2.2 MB)
Using cached nvidia_cufft-12.0.0.61-py3-none-manylinux2014_x86_64.manylinux_2_17_x86_64.whl (214.1 MB)
Using cached nvidia_cufile-1.15.1.6-py3-none-manylinux2014_x86_64.manylinux_2_17_x86_64.whl (1.2 MB)
Using cached nvidia_curand-10.4.0.35-py3-none-manylinux_2_27_x86_64.whl (59.5 MB)
Using cached nvidia_cusolver-12.0.4.66-py3-none-manylinux_2_27_x86_64.whl (200.9 MB)
Using cached nvidia_cusparse-12.6.3.3-py3-none-manylinux2014_x86_64.manylinux_2_17_x86_64.whl (145.9 MB)
Using cached nvidia_nvjitlink-13.0.88-py3-none-manylinux2010_x86_64.manylinux_2_12_x86_64.whl (40.7 MB)
Using cached nvidia_nvtx-13.0.85-py3-none-manylinux1_x86_64.manylinux_2_5_x86_64.whl (148 kB)
Using cached cuda_pathfinder-1.5.6-py3-none-any.whl (52 kB)
Using cached sympy-1.14.0-py3-none-any.whl (6.3 MB)
Using cached typing_extensions-4.16.0-py3-none-any.whl (45 kB)
Downloading xxhash-3.8.0-cp311-cp311-manylinux2014_x86_64.manylinux_2_17_x86_64.manylinux_2_28_x86_64.whl (220 kB)
Building wheels for collected packages: native_sparse_attention
  Building editable for native_sparse_attention (pyproject.toml): started
  Building editable for native_sparse_attention (pyproject.toml): finished with status 'done'
  Created wheel for native_sparse_attention: filename=native_sparse_attention-0.1-0.editable-py3-none-any.whl size=6788 sha256=29eaa33877deba24123fece977a5bee1633732425d9e191cc9b429de7d7ce06b
  Stored in directory: /tmp/pip-ephem-wheel-cache-ve9vjxfp/wheels/33/7c/52/4ff90c95603e759481f225c7fd4b582cbfa1110ea18d1d0250
Successfully built native_sparse_attention
Installing collected packages: nvidia-cusparselt-cu13, cuda-toolkit, xxhash, typing-extensions, triton, sympy, pyarrow, propcache, nvidia-nvtx, nvidia-nvshmem-cu13, nvidia-nvjitlink, nvidia-nccl-cu13, nvidia-curand, nvidia-cufile, nvidia-cuda-runtime, nvidia-cuda-nvrtc, nvidia-cuda-cupti, multidict, frozenlist, dill, cuda-pathfinder, aiohappyeyeballs, yarl, nvidia-cusparse, nvidia-cufft, nvidia-cublas, multiprocess, cuda-bindings, aiosignal, nvidia-cusolver, nvidia-cudnn-cu13, aiohttp, torch, datasets, native_sparse_attention
  Attempting uninstall: typing-extensions
    Found existing installation: typing_extensions 4.9.0
    Uninstalling typing_extensions-4.9.0:
      Successfully uninstalled typing_extensions-4.9.0
  Attempting uninstall: triton
    Found existing installation: triton 3.0.0
    Uninstalling triton-3.0.0:
      Successfully uninstalled triton-3.0.0
  Attempting uninstall: sympy
    Found existing installation: sympy 1.12
    Uninstalling sympy-1.12:
      Successfully uninstalled sympy-1.12
  Attempting uninstall: torch
    Found existing installation: torch 2.4.1+cu124
    Uninstalling torch-2.4.1+cu124:
      Successfully uninstalled torch-2.4.1+cu124

ERROR: pip's dependency resolver does not currently take into account all the packages that are installed. This behaviour is the source of the following dependency conflicts.
torchaudio 2.4.1+cu124 requires torch==2.4.1, but you have torch 2.12.1 which is incompatible.
torchvision 0.19.1+cu124 requires torch==2.4.1, but you have torch 2.12.1 which is incompatible.
Successfully installed aiohappyeyeballs-2.7.1 aiohttp-3.14.1 aiosignal-1.4.0 cuda-bindings-13.3.1 cuda-pathfinder-1.5.6 cuda-toolkit-13.0.2 datasets-5.0.0 dill-0.4.1 frozenlist-1.8.0 multidict-6.7.1 multiprocess-0.70.19 native_sparse_attention-0.1 nvidia-cublas-13.1.1.3 nvidia-cuda-cupti-13.0.85 nvidia-cuda-nvrtc-13.0.88 nvidia-cuda-runtime-13.0.96 nvidia-cudnn-cu13-9.20.0.48 nvidia-cufft-12.0.0.61 nvidia-cufile-1.15.1.6 nvidia-curand-10.4.0.35 nvidia-cusolver-12.0.4.66 nvidia-cusparse-12.6.3.3 nvidia-cusparselt-cu13-0.8.1 nvidia-nccl-cu13-2.29.7 nvidia-nvjitlink-13.0.88 nvidia-nvshmem-cu13-3.4.5 nvidia-nvtx-13.0.85 propcache-0.5.2 pyarrow-24.0.0 sympy-1.14.0 torch-2.12.1 triton-3.7.1 typing-extensions-4.16.0 xxhash-3.8.0 yarl-1.24.2
WARNING: Running pip as the 'root' user can result in broken permissions and conflicting behaviour with the system package manager, possibly rendering your system unusable. It is recommended to use a virtual environment instead: https://pip.pypa.io/warnings/venv. Use the --root-user-action option if you know what you are doing and want to suppress this warning.
WARNING: Running pip as the 'root' user can result in broken permissions and conflicting behaviour with the system package manager, possibly rendering your system unusable. It is recommended to use a virtual environment instead: https://pip.pypa.io/warnings/venv. Use the --root-user-action option if you know what you are doing and want to suppress this warning.

=== record installed versions ===
wrote results/pip_freeze.txt

=== step-zero verification (imports + trivial forward passes) ===
subq-audit environment verification

  PASS  torch + CUDA device  [torch 2.12.1+cu130, cu13.0, NVIDIA A100-SXM4-80GB, sm80, 79 GiB]
  PASS  triton import  [triton 3.7.1]
  FAIL  flash-attn import
            import flash_attn
          File "/usr/local/lib/python3.11/dist-packages/flash_attn/__init__.py", line 3, in <module>
            from flash_attn.flash_attn_interface import (
          File "/usr/local/lib/python3.11/dist-packages/flash_attn/flash_attn_interface.py", line 15, in <module>
            import flash_attn_2_cuda as flash_attn_gpu
        ImportError: /usr/local/lib/python3.11/dist-packages/flash_attn_2_cuda.cpython-311-x86_64-linux-gnu.so: undefined symbol: _ZN3c104cuda29c10_cuda_check_implementationEiPKcS2_ib
        HINT: flash-attn was built against a different torch ABI than the one installed. Fix: pip install flash-attn --no-build-isolation --force-reinstall  (with the final torch already installed).
  FAIL  flash-attn tiny fwd+bwd
            from flash_attn import flash_attn_func
          File "/usr/local/lib/python3.11/dist-packages/flash_attn/__init__.py", line 3, in <module>
            from flash_attn.flash_attn_interface import (
          File "/usr/local/lib/python3.11/dist-packages/flash_attn/flash_attn_interface.py", line 15, in <module>
            import flash_attn_2_cuda as flash_attn_gpu
        ImportError: /usr/local/lib/python3.11/dist-packages/flash_attn_2_cuda.cpython-311-x86_64-linux-gnu.so: undefined symbol: _ZN3c104cuda29c10_cuda_check_implementationEiPKcS2_ib
        HINT: flash-attn was built against a different torch ABI than the one installed. Fix: pip install flash-attn --no-build-isolation --force-reinstall  (with the final torch already installed).
  FAIL  NSA import
            handle = entry.fake_impl.register(
                     ^^^^^^^^^^^^^^^^^^^^^^^^^
          File "/usr/local/lib/python3.11/dist-packages/torch/_library/fake_impl.py", line 50, in register
            if torch._C._dispatch_has_kernel_for_dispatch_key(self.qualname, "Meta"):
               ^^^^^^^^^^^^^^^^^^^^^^^^^^^^^^^^^^^^^^^^^^^^^^^^^^^^^^^^^^^^^^^^^^^^^
        RuntimeError: operator torchvision::nms does not exist
        HINT: often a triton/torch version conflict; triton >= 3.0 paired with torch >= 2.4 is the known-good combo for fla kernels.
  FAIL  NSA layer tiny fwd+bwd
            @register_meta("roi_align")
             ^^^^^^^^^^^^^^^^^^^^^^^^^^
          File "/usr/local/lib/python3.11/dist-packages/torchvision/_meta_registrations.py", line 18, in wrapper
            if torchvision.extension._has_ops():
               ^^^^^^^^^^^^^^^^^^^^^
        AttributeError: partially initialized module 'torchvision' has no attribute 'extension' (most likely due to a circular import)
        HINT: often a triton/torch version conflict; triton >= 3.0 paired with torch >= 2.4 is the known-good combo for fla kernels.
  FAIL  dense/NSA matched-config dry run
            ^^^^^^^^^^^^^^^^^^^^^^^^^^^^^^^^^^^^^^
          File "/usr/local/lib/python3.11/dist-packages/flash_attn/__init__.py", line 3, in <module>
            from flash_attn.flash_attn_interface import (
          File "/usr/local/lib/python3.11/dist-packages/flash_attn/flash_attn_interface.py", line 15, in <module>
            import flash_attn_2_cuda as flash_attn_gpu
        ImportError: /usr/local/lib/python3.11/dist-packages/flash_attn_2_cuda.cpython-311-x86_64-linux-gnu.so: undefined symbol: _ZN3c104cuda29c10_cuda_check_implementationEiPKcS2_ib

environment record:
{
  "platform": "Linux-6.8.0-107-generic-x86_64-with-glibc2.35",
  "python": "3.11.10",
  "torch": "2.12.1+cu130",
  "torch_cuda": "13.0",
  "cudnn": "92000",
  "triton": "3.7.1",
  "flash_attn": "2.8.3.post1",
  "native_sparse_attention": "0.1",
  "flash_linear_attention": "0.5.1",
  "gpu_driver": "580.126.20",
  "gpu_name_smi": "NVIDIA A100-SXM4-80GB",
  "gpu_name": "NVIDIA A100-SXM4-80GB",
  "gpu_capability": "sm80",
  "gpu_total_mem_gib": 79.2,
  "nsa_git_commit": "unknown"
}

2/7 checks passed
FAILED: flash-attn import, flash-attn tiny fwd+bwd, NSA import, NSA layer tiny fwd+bwd, dense/NSA matched-config dry run
