/usr/local/lib/python3.11/dist-packages/torch/autograd/graph.py:825: UserWarning: Attempting to run cuBLAS, but there was no current CUDA context! Attempting to set the primary context... (Triggered internally at ../aten/src/ATen/cuda/CublasHandlePool.cpp:135.)
  return Variable._execution_engine.run_backward(  # Calls into the C++ engine to run the backward pass
Traceback (most recent call last):
  File "/workspace/subq-audit/bench/run_benchmark.py", line 98, in bench_case
    timing = cuda_time(fn, args.warmup, args.iters)
             ^^^^^^^^^^^^^^^^^^^^^^^^^^^^^^^^^^^^^^
  File "/workspace/subq-audit/bench/timing.py", line 56, in cuda_time
    fn()
  File "/workspace/subq-audit/bench/run_benchmark.py", line 96, in fn
    module(x).backward(dy)
  File "/usr/local/lib/python3.11/dist-packages/torch/_tensor.py", line 581, in backward
    torch.autograd.backward(
  File "/usr/local/lib/python3.11/dist-packages/torch/autograd/__init__.py", line 347, in backward
    _engine_run_backward(
  File "/usr/local/lib/python3.11/dist-packages/torch/autograd/graph.py", line 825, in _engine_run_backward
    return Variable._execution_engine.run_backward(  # Calls into the C++ engine to run the backward pass
           ^^^^^^^^^^^^^^^^^^^^^^^^^^^^^^^^^^^^^^^^^^^^^^^^^^^^^^^^^^^^^^^^^^^^^^^^^^^^^^^^^^^^^^^^^^^^^^
  File "/usr/local/lib/python3.11/dist-packages/torch/autograd/function.py", line 307, in apply
    return user_fn(self, *args)
           ^^^^^^^^^^^^^^^^^^^^
  File "/workspace/native-sparse-attention/fla/utils.py", line 82, in wrapper
    return fn(*contiguous_args, **contiguous_kwargs)
           ^^^^^^^^^^^^^^^^^^^^^^^^^^^^^^^^^^^^^^^^^
  File "/usr/local/lib/python3.11/dist-packages/torch/amp/autocast_mode.py", line 511, in decorate_bwd
    return bwd(*args, **kwargs)
           ^^^^^^^^^^^^^^^^^^^^
  File "/workspace/native-sparse-attention/native_sparse_attention/ops/parallel.py", line 1284, in backward
    dq, dk, dv = parallel_nsa_bwd(
                 ^^^^^^^^^^^^^^^^^
  File "/workspace/native-sparse-attention/native_sparse_attention/ops/parallel.py", line 1215, in parallel_nsa_bwd
    parallel_nsa_bwd_kernel_dkv[grid](
  File "/usr/local/lib/python3.11/dist-packages/triton/runtime/jit.py", line 345, in <lambda>
    return lambda *args, **kwargs: self.run(grid=grid, warmup=False, *args, **kwargs)
                                   ^^^^^^^^^^^^^^^^^^^^^^^^^^^^^^^^^^^^^^^^^^^^^^^^^^
  File "/usr/local/lib/python3.11/dist-packages/triton/runtime/autotuner.py", line 338, in run
    return self.fn.run(*args, **kwargs)
           ^^^^^^^^^^^^^^^^^^^^^^^^^^^^
  File "/usr/local/lib/python3.11/dist-packages/triton/runtime/autotuner.py", line 156, in run
    timings = {config: self._bench(*args, config=config, **kwargs) for config in pruned_configs}
              ^^^^^^^^^^^^^^^^^^^^^^^^^^^^^^^^^^^^^^^^^^^^^^^^^^^^^^^^^^^^^^^^^^^^^^^^^^^^^^^^^^
  File "/usr/local/lib/python3.11/dist-packages/triton/runtime/autotuner.py", line 156, in <dictcomp>
    timings = {config: self._bench(*args, config=config, **kwargs) for config in pruned_configs}
                       ^^^^^^^^^^^^^^^^^^^^^^^^^^^^^^^^^^^^^^^^^^^
  File "/usr/local/lib/python3.11/dist-packages/triton/runtime/autotuner.py", line 133, in _bench
    return do_bench(kernel_call, warmup=self.num_warmups, rep=self.num_reps, quantiles=(0.5, 0.2, 0.8))
           ^^^^^^^^^^^^^^^^^^^^^^^^^^^^^^^^^^^^^^^^^^^^^^^^^^^^^^^^^^^^^^^^^^^^^^^^^^^^^^^^^^^^^^^^^^^^
  File "/usr/local/lib/python3.11/dist-packages/triton/testing.py", line 106, in do_bench
    fn()
  File "/usr/local/lib/python3.11/dist-packages/triton/runtime/autotuner.py", line 114, in kernel_call
    self.fn.run(
  File "/usr/local/lib/python3.11/dist-packages/triton/runtime/jit.py", line 691, in run
    kernel.run(grid_0, grid_1, grid_2, stream, kernel.function, kernel.packed_metadata, launch_metadata,
    ^^^^^^^^^^
  File "/usr/local/lib/python3.11/dist-packages/triton/compiler/compiler.py", line 381, in __getattribute__
    self._init_handles()
  File "/usr/local/lib/python3.11/dist-packages/triton/compiler/compiler.py", line 376, in _init_handles
    self.module, self.function, self.n_regs, self.n_spills = driver.active.utils.load_binary(
                                                             ^^^^^^^^^^^^^^^^^^^^^^^^^^^^^^^^
RuntimeError: Triton Error [CUDA]: an illegal memory access was encountered
GPU: NVIDIA A100-SXM4-80GB (sm80, 79.2 GiB) | torch 2.5.1+cu124 cu12.4 | triton 3.1.0 | flash-attn 2.8.3.post1
config: {'hidden_size': 2048, 'num_heads': 32, 'num_kv_heads': 2, 'head_dim': 64, 'block_size': 64, 'block_counts': 16, 'window_size': 512, 'rope_theta': 10000.0, 'dtype': 'bfloat16'}
sweep: impls=['dense', 'nsa'] modes=['fwd', 'fwdbwd'] seqlens=[524288, 1048576] batch=1 warmup=3 iters=10
env recorded to results/bench.env.json; rows appended to results/bench.csv

[dense |    fwd | T= 524288] running ...
    median 6434.902 ms  (p25 6421.495 / p75 6440.877)  81476 tok/s  peak 8537 MiB
[dense | fwdbwd | T= 524288] running ...
    median 22415.640 ms  (p25 22413.153 / p75 22416.923)  23389 tok/s  peak 23273 MiB
[  nsa |    fwd | T= 524288] running ...
    median 990.532 ms  (p25 989.714 / p75 990.831)  529299 tok/s  peak 15014 MiB
[  nsa | fwdbwd | T= 524288] running ...
    -> ERROR, logged and continuing:
Traceback (most recent call last):
  File "/workspace/subq-audit/bench/run_benchmark.py", line 201, in <module>
    main()
  File "/workspace/subq-audit/bench/run_benchmark.py", line 190, in main
    row = bench_case(impl, mode, seqlen, cfg, args)
          ^^^^^^^^^^^^^^^^^^^^^^^^^^^^^^^^^^^^^^^^^
  File "/workspace/subq-audit/bench/run_benchmark.py", line 127, in bench_case
    free_cuda_memory()
  File "/workspace/subq-audit/bench/timing.py", line 83, in free_cuda_memory
    torch.cuda.empty_cache()
  File "/usr/local/lib/python3.11/dist-packages/torch/cuda/memory.py", line 192, in empty_cache
    torch._C._cuda_emptyCache()
RuntimeError: CUDA error: an illegal memory access was encountered
CUDA kernel errors might be asynchronously reported at some other API call, so the stacktrace below might be incorrect.
For debugging consider passing CUDA_LAUNCH_BLOCKING=1
Compile with `TORCH_USE_CUDA_DSA` to enable device-side assertions.

