/usr/local/lib/python3.11/dist-packages/torch/autograd/graph.py:825: UserWarning: Attempting to run cuBLAS, but there was no current CUDA context! Attempting to set the primary context... (Triggered internally at ../aten/src/ATen/cuda/CublasHandlePool.cpp:135.)
  return Variable._execution_engine.run_backward(  # Calls into the C++ engine to run the backward pass
GPU: NVIDIA A100-SXM4-80GB (sm80, 79.2 GiB) | torch 2.5.1+cu124 cu12.4 | triton 3.1.0 | flash-attn 2.8.3.post1
config: {'hidden_size': 2048, 'num_heads': 32, 'num_kv_heads': 2, 'head_dim': 64, 'block_size': 64, 'block_counts': 16, 'window_size': 512, 'rope_theta': 10000.0, 'dtype': 'bfloat16'}
sweep: impls=['dense', 'nsa'] modes=['fwd', 'fwdbwd'] seqlens=[8192, 16384, 32768, 65536, 131072, 262144] batch=1 warmup=10 iters=30
env recorded to results/bench.env.json; rows appended to results/bench.csv

[dense |    fwd | T=   8192] running ...
    median 3.020 ms  (p25 3.009 / p75 3.027)  2712439 tok/s  peak 158 MiB
[dense | fwdbwd | T=   8192] running ...
    median 8.252 ms  (p25 8.230 / p75 8.311)  992687 tok/s  peak 404 MiB
[  nsa |    fwd | T=   8192] running ...
    median 2.764 ms  (p25 2.761 / p75 2.767)  2963735 tok/s  peak 268 MiB
[  nsa | fwdbwd | T=   8192] running ...
    median 26.356 ms  (p25 26.330 / p75 26.375)  310816 tok/s  peak 506 MiB
[dense |    fwd | T=  16384] running ...
    median 7.847 ms  (p25 7.790 / p75 7.888)  2088044 tok/s  peak 299 MiB
[dense | fwdbwd | T=  16384] running ...
    median 26.650 ms  (p25 26.571 / p75 26.880)  614775 tok/s  peak 767 MiB
[  nsa |    fwd | T=  16384] running ...
    median 5.798 ms  (p25 5.793 / p75 5.801)  2825903 tok/s  peak 504 MiB
[  nsa | fwdbwd | T=  16384] running ...
    median 49.108 ms  (p25 48.982 / p75 49.198)  333634 tok/s  peak 971 MiB
[dense |    fwd | T=  32768] running ...
    median 26.981 ms  (p25 26.934 / p75 27.012)  1214496 tok/s  peak 565 MiB
[dense | fwdbwd | T=  32768] running ...
    median 95.331 ms  (p25 95.167 / p75 95.441)  343730 tok/s  peak 1493 MiB
[  nsa |    fwd | T=  32768] running ...
    median 13.284 ms  (p25 13.202 / p75 13.304)  2466638 tok/s  peak 970 MiB
[  nsa | fwdbwd | T=  32768] running ...
    median 107.811 ms  (p25 107.531 / p75 108.269)  303938 tok/s  peak 1898 MiB
[dense |    fwd | T=  65536] running ...
    median 99.459 ms  (p25 99.275 / p75 99.667)  658928 tok/s  peak 1097 MiB
[dense | fwdbwd | T=  65536] running ...
    median 359.358 ms  (p25 358.864 / p75 359.956)  182369 tok/s  peak 2945 MiB
[  nsa |    fwd | T=  65536] running ...
    median 33.668 ms  (p25 33.543 / p75 33.782)  1946536 tok/s  peak 1906 MiB
[  nsa | fwdbwd | T=  65536] running ...
    median 257.312 ms  (p25 256.887 / p75 258.034)  254695 tok/s  peak 3754 MiB
[dense |    fwd | T= 131072] running ...
    median 392.219 ms  (p25 391.206 / p75 392.741)  334181 tok/s  peak 2161 MiB
[dense | fwdbwd | T= 131072] running ...
    median 1412.704 ms  (p25 1412.210 / p75 1413.129)  92781 tok/s  peak 5849 MiB
[  nsa |    fwd | T= 131072] running ...
    median 92.203 ms  (p25 92.031 / p75 92.824)  1421557 tok/s  peak 3779 MiB
[  nsa | fwdbwd | T= 131072] running ...
    median 714.528 ms  (p25 714.152 / p75 715.416)  183439 tok/s  peak 7467 MiB
[dense |    fwd | T= 262144] running ...
    median 1593.602 ms  (p25 1592.350 / p75 1594.368)  164498 tok/s  peak 4289 MiB
[dense | fwdbwd | T= 262144] running ...
    median 5614.272 ms  (p25 5613.112 / p75 5614.990)  46692 tok/s  peak 11657 MiB
[  nsa |    fwd | T= 262144] running ...
    median 290.798 ms  (p25 290.576 / p75 291.220)  901464 tok/s  peak 7524 MiB
[  nsa | fwdbwd | T= 262144] running ...
    median 2303.805 ms  (p25 2302.427 / p75 2305.445)  113787 tok/s  peak 14892 MiB

done.
